2016-06-06 19:03:59,034 [Worker-17] INFO  o.e.m.c.i.l.LifecycleMappingFactory - Using org.eclipse.m2e.jdt.JarLifecycleMapping lifecycle mapping for MavenProject: com.bharath:jaxb-xjc:0.0.1-SNAPSHOT @ /Users/jamietobin/Documents/workspaceWS/WebServices/soap/jaxb-xjc/pom.xml.
2016-06-06 19:03:59,455 [Worker-17] INFO  o.e.m.c.i.embedder.EclipseLogger - Generated sources are up-to-date; XJC execution will be skipped.
2016-06-06 19:03:59,529 [Worker-17] INFO  o.e.m.c.i.embedder.EclipseLogger - Using 'UTF-8' encoding to copy filtered resources.
2016-06-06 19:03:59,529 [Worker-17] INFO  o.e.m.c.i.embedder.EclipseLogger - skip non existing resourceDirectory /Users/jamietobin/Documents/workspaceWS/WebServices/soap/jaxb-xjc/src/main/resources
2016-06-06 19:03:59,529 [Worker-17] INFO  o.e.m.c.i.embedder.EclipseLogger - Copying 1 resource
2016-06-06 19:03:59,536 [Worker-17] INFO  o.e.m.c.i.embedder.EclipseLogger - Using 'UTF-8' encoding to copy filtered resources.
2016-06-06 19:03:59,536 [Worker-17] INFO  o.e.m.c.i.embedder.EclipseLogger - skip non existing resourceDirectory /Users/jamietobin/Documents/workspaceWS/WebServices/soap/jaxb-xjc/src/test/resources
2016-06-06 19:04:01,089 [Worker-14] INFO  o.e.m.c.i.l.LifecycleMappingFactory - Using org.eclipse.m2e.jdt.JarLifecycleMapping lifecycle mapping for MavenProject: com.bharath:jaxb-xjc:0.0.1-SNAPSHOT @ /Users/jamietobin/Documents/workspaceWS/WebServices/soap/jaxb-xjc/pom.xml.
2016-06-06 19:04:02,106 [Worker-4] INFO  o.e.m.c.i.embedder.EclipseLogger - Generated sources are up-to-date; XJC execution will be skipped.
2016-06-06 19:04:02,207 [Worker-4] INFO  o.e.m.c.i.embedder.EclipseLogger - Using 'UTF-8' encoding to copy filtered resources.
2016-06-06 19:04:02,207 [Worker-4] INFO  o.e.m.c.i.embedder.EclipseLogger - skip non existing resourceDirectory /Users/jamietobin/Documents/workspaceWS/WebServices/soap/jaxb-xjc/src/main/resources
2016-06-06 19:04:02,208 [Worker-4] INFO  o.e.m.c.i.embedder.EclipseLogger - Copying 0 resource
2016-06-06 19:04:02,209 [Worker-4] INFO  o.e.m.c.i.embedder.EclipseLogger - Using 'UTF-8' encoding to copy filtered resources.
2016-06-06 19:04:02,209 [Worker-4] INFO  o.e.m.c.i.embedder.EclipseLogger - skip non existing resourceDirectory /Users/jamietobin/Documents/workspaceWS/WebServices/soap/jaxb-xjc/src/test/resources
2016-06-06 19:04:08,897 [Worker-15] INFO  o.e.m.i.launch.MavenLaunchDelegate - /Users/jamietobin/Documents/workspaceWS/WebServices/soap/jaxb-xjc
2016-06-06 19:04:08,897 [Worker-15] INFO  o.e.m.i.launch.MavenLaunchDelegate -  mvn  -B generate-sources
2016-06-06 19:15:44,722 [Worker-20] INFO  o.e.m.c.i.l.LifecycleMappingFactory - Using org.maven.ide.eclipse.wtp.WarLifecycleMapping lifecycle mapping for MavenProject: com.trainings.ws.soap:javafirstws:1.0 @ /Users/jamietobin/Documents/workspaceWS/WebServices/soap/javafirstws/pom.xml.
2016-06-06 19:15:45,204 [Worker-20] INFO  o.e.m.j.i.AbstractJavaProjectConfigurator - Adding source folder /javafirstws/src/main/java
2016-06-06 19:15:45,204 [Worker-20] INFO  o.e.m.j.i.AbstractJavaProjectConfigurator - Adding source folder /javafirstws/src/test/java
2016-06-06 19:15:46,281 [Worker-20] INFO  o.e.m.c.i.p.ProjectConfigurationManager - Imported and configured 1 project(s) in 1 sec
2016-06-06 19:15:46,544 [Worker-1] WARN  o.e.m.c.i.embedder.EclipseLogger - Using platform encoding (UTF-8 actually) to copy filtered resources, i.e. build is platform dependent!
2016-06-06 19:15:46,545 [Worker-1] INFO  o.e.m.c.i.embedder.EclipseLogger - skip non existing resourceDirectory /Users/jamietobin/Documents/workspaceWS/WebServices/soap/javafirstws/src/main/resources
2016-06-06 19:15:46,546 [Worker-1] WARN  o.e.m.c.i.embedder.EclipseLogger - Using platform encoding (UTF-8 actually) to copy filtered resources, i.e. build is platform dependent!
2016-06-06 19:15:46,547 [Worker-1] INFO  o.e.m.c.i.embedder.EclipseLogger - skip non existing resourceDirectory /Users/jamietobin/Documents/workspaceWS/WebServices/soap/javafirstws/src/test/resources
2016-06-06 19:15:57,275 [Worker-6] WARN  o.e.m.c.i.embedder.EclipseLogger - Using platform encoding (UTF-8 actually) to copy filtered resources, i.e. build is platform dependent!
2016-06-06 19:15:57,276 [Worker-6] INFO  o.e.m.c.i.embedder.EclipseLogger - skip non existing resourceDirectory /Users/jamietobin/Documents/workspaceWS/WebServices/soap/javafirstws/src/main/resources
2016-06-06 19:15:57,276 [Worker-6] WARN  o.e.m.c.i.embedder.EclipseLogger - Using platform encoding (UTF-8 actually) to copy filtered resources, i.e. build is platform dependent!
2016-06-06 19:15:57,276 [Worker-6] INFO  o.e.m.c.i.embedder.EclipseLogger - skip non existing resourceDirectory /Users/jamietobin/Documents/workspaceWS/WebServices/soap/javafirstws/src/test/resources
2016-06-06 19:16:30,873 [Worker-22] WARN  o.e.m.c.i.embedder.EclipseLogger - Using platform encoding (UTF-8 actually) to copy filtered resources, i.e. build is platform dependent!
2016-06-06 19:16:30,873 [Worker-22] INFO  o.e.m.c.i.embedder.EclipseLogger - skip non existing resourceDirectory /Users/jamietobin/Documents/workspaceWS/WebServices/soap/javafirstws/src/main/resources
2016-06-06 19:16:30,874 [Worker-22] WARN  o.e.m.c.i.embedder.EclipseLogger - Using platform encoding (UTF-8 actually) to copy filtered resources, i.e. build is platform dependent!
2016-06-06 19:16:30,875 [Worker-22] INFO  o.e.m.c.i.embedder.EclipseLogger - skip non existing resourceDirectory /Users/jamietobin/Documents/workspaceWS/WebServices/soap/javafirstws/src/test/resources
2016-06-06 19:16:30,961 [Worker-22] INFO  o.e.m.c.i.embedder.EclipseLogger - Generated sources are up-to-date; XJC execution will be skipped.
2016-06-06 19:16:30,962 [Worker-22] INFO  o.e.m.c.i.embedder.EclipseLogger - Using 'UTF-8' encoding to copy filtered resources.
2016-06-06 19:16:30,962 [Worker-22] INFO  o.e.m.c.i.embedder.EclipseLogger - skip non existing resourceDirectory /Users/jamietobin/Documents/workspaceWS/WebServices/soap/jaxb-xjc/src/main/resources
2016-06-06 19:16:30,963 [Worker-22] INFO  o.e.m.c.i.embedder.EclipseLogger - Copying 1 resource
2016-06-06 19:16:30,972 [Worker-22] INFO  o.e.m.c.i.embedder.EclipseLogger - Using 'UTF-8' encoding to copy filtered resources.
2016-06-06 19:16:30,972 [Worker-22] INFO  o.e.m.c.i.embedder.EclipseLogger - skip non existing resourceDirectory /Users/jamietobin/Documents/workspaceWS/WebServices/soap/jaxb-xjc/src/test/resources
2016-06-06 19:22:59,428 [Worker-20] INFO  o.e.m.c.i.p.ProjectConfigurationManager - Collecting project info '/pom.xml' /Users/jamietobin/Documents/workspaceWS/WebServices/soap/hellows/pom.xml
2016-06-06 19:22:59,651 [Worker-20] INFO  o.e.m.c.i.l.LifecycleMappingFactory - Using org.maven.ide.eclipse.wtp.WarLifecycleMapping lifecycle mapping for MavenProject: com.mycomp.ws:hellows:0.0.1-SNAPSHOT @ /Users/jamietobin/Documents/workspaceWS/WebServices/soap/hellows/pom.xml.
2016-06-06 19:22:59,872 [Worker-20] INFO  o.e.m.j.i.AbstractJavaProjectConfigurator - Adding source folder /hellows/src/main/java
2016-06-06 19:22:59,872 [Worker-20] INFO  o.e.m.j.i.AbstractJavaProjectConfigurator - Adding resource folder /hellows/src/main/resources
2016-06-06 19:22:59,873 [Worker-20] INFO  o.e.m.j.i.AbstractJavaProjectConfigurator - Adding source folder /hellows/src/test/java
2016-06-06 19:23:04,368 [Worker-20] INFO  o.e.m.c.i.p.ProjectConfigurationManager - Imported and configured 1 project(s) in 4 sec
2016-06-06 19:23:04,522 [Worker-20] WARN  o.e.m.c.i.embedder.EclipseLogger - Using platform encoding (UTF-8 actually) to copy filtered resources, i.e. build is platform dependent!
2016-06-06 19:23:04,522 [Worker-20] INFO  o.e.m.c.i.embedder.EclipseLogger - Copying 0 resource
2016-06-06 19:23:04,523 [Worker-20] WARN  o.e.m.c.i.embedder.EclipseLogger - Using platform encoding (UTF-8 actually) to copy filtered resources, i.e. build is platform dependent!
2016-06-06 19:23:04,523 [Worker-20] INFO  o.e.m.c.i.embedder.EclipseLogger - skip non existing resourceDirectory /Users/jamietobin/Documents/workspaceWS/WebServices/soap/hellows/src/test/resources
2016-06-06 19:25:26,972 [Worker-28] WARN  o.e.m.c.i.embedder.EclipseLogger - Using platform encoding (UTF-8 actually) to copy filtered resources, i.e. build is platform dependent!
2016-06-06 19:25:26,973 [Worker-28] INFO  o.e.m.c.i.embedder.EclipseLogger - Copying 0 resource
2016-06-06 19:25:26,973 [Worker-28] WARN  o.e.m.c.i.embedder.EclipseLogger - Using platform encoding (UTF-8 actually) to copy filtered resources, i.e. build is platform dependent!
2016-06-06 19:25:26,974 [Worker-28] INFO  o.e.m.c.i.embedder.EclipseLogger - skip non existing resourceDirectory /Users/jamietobin/Documents/workspaceWS/WebServices/soap/hellows/src/test/resources
2016-06-06 19:33:02,444 [Worker-29] ERROR o.e.m.c.i.p.r.ProjectRegistryManager - Could not read pom.xml
org.eclipse.core.runtime.CoreException: Could not read pom.xml
	at org.eclipse.m2e.core.internal.embedder.MavenImpl.readModel(MavenImpl.java:565) ~[org.eclipse.m2e.core_1.6.0.20150526-2032.jar:na]
	at org.eclipse.m2e.core.internal.embedder.MavenImpl.readModel(MavenImpl.java:574) ~[org.eclipse.m2e.core_1.6.0.20150526-2032.jar:na]
	at org.eclipse.m2e.core.internal.project.registry.ProjectRegistryManager.refreshPhase2(ProjectRegistryManager.java:541) [org.eclipse.m2e.core_1.6.0.20150526-2032.jar:na]
	at org.eclipse.m2e.core.internal.project.registry.ProjectRegistryManager.refresh(ProjectRegistryManager.java:497) [org.eclipse.m2e.core_1.6.0.20150526-2032.jar:na]
	at org.eclipse.m2e.core.internal.project.registry.ProjectRegistryManager.refresh(ProjectRegistryManager.java:350) [org.eclipse.m2e.core_1.6.0.20150526-2032.jar:na]
	at org.eclipse.m2e.core.internal.project.registry.ProjectRegistryManager.refresh(ProjectRegistryManager.java:297) [org.eclipse.m2e.core_1.6.0.20150526-2032.jar:na]
	at org.eclipse.m2e.core.internal.builder.MavenBuilder$BuildMethod.getProjectFacade(MavenBuilder.java:154) [org.eclipse.m2e.core_1.6.0.20150526-2032.jar:na]
	at org.eclipse.m2e.core.internal.builder.MavenBuilder$BuildMethod$1.call(MavenBuilder.java:89) [org.eclipse.m2e.core_1.6.0.20150526-2032.jar:na]
	at org.eclipse.m2e.core.internal.embedder.MavenExecutionContext.executeBare(MavenExecutionContext.java:176) [org.eclipse.m2e.core_1.6.0.20150526-2032.jar:na]
	at org.eclipse.m2e.core.internal.embedder.MavenExecutionContext.execute(MavenExecutionContext.java:151) [org.eclipse.m2e.core_1.6.0.20150526-2032.jar:na]
	at org.eclipse.m2e.core.internal.embedder.MavenExecutionContext.execute(MavenExecutionContext.java:99) [org.eclipse.m2e.core_1.6.0.20150526-2032.jar:na]
	at org.eclipse.m2e.core.internal.builder.MavenBuilder$BuildMethod.execute(MavenBuilder.java:86) [org.eclipse.m2e.core_1.6.0.20150526-2032.jar:na]
	at org.eclipse.m2e.core.internal.builder.MavenBuilder.build(MavenBuilder.java:200) [org.eclipse.m2e.core_1.6.0.20150526-2032.jar:na]
	at org.eclipse.core.internal.events.BuildManager$2.run(BuildManager.java:734) [org.eclipse.core.resources_3.10.0.v20150423-0755.jar:na]
	at org.eclipse.core.runtime.SafeRunner.run(SafeRunner.java:42) [org.eclipse.equinox.common_3.7.0.v20150402-1709.jar:na]
	at org.eclipse.core.internal.events.BuildManager.basicBuild(BuildManager.java:205) [org.eclipse.core.resources_3.10.0.v20150423-0755.jar:na]
	at org.eclipse.core.internal.events.BuildManager.basicBuild(BuildManager.java:245) [org.eclipse.core.resources_3.10.0.v20150423-0755.jar:na]
	at org.eclipse.core.internal.events.BuildManager$1.run(BuildManager.java:300) [org.eclipse.core.resources_3.10.0.v20150423-0755.jar:na]
	at org.eclipse.core.runtime.SafeRunner.run(SafeRunner.java:42) [org.eclipse.equinox.common_3.7.0.v20150402-1709.jar:na]
	at org.eclipse.core.internal.events.BuildManager.basicBuild(BuildManager.java:303) [org.eclipse.core.resources_3.10.0.v20150423-0755.jar:na]
	at org.eclipse.core.internal.events.BuildManager.basicBuildLoop(BuildManager.java:359) [org.eclipse.core.resources_3.10.0.v20150423-0755.jar:na]
	at org.eclipse.core.internal.events.BuildManager.build(BuildManager.java:382) [org.eclipse.core.resources_3.10.0.v20150423-0755.jar:na]
	at org.eclipse.core.internal.events.AutoBuildJob.doBuild(AutoBuildJob.java:144) [org.eclipse.core.resources_3.10.0.v20150423-0755.jar:na]
	at org.eclipse.core.internal.events.AutoBuildJob.run(AutoBuildJob.java:235) [org.eclipse.core.resources_3.10.0.v20150423-0755.jar:na]
	at org.eclipse.core.internal.jobs.Worker.run(Worker.java:55) [org.eclipse.core.jobs_3.7.0.v20150330-2103.jar:na]
Caused by: org.apache.maven.model.io.ModelParseException: Duplicated tag: 'build' (position: START_TAG seen ...</dependencies>\n\t<build>... @61:9) 
	at org.apache.maven.model.io.DefaultModelReader.read(DefaultModelReader.java:130) ~[maven-model-builder-3.3.3.jar:3.3.3]
	at org.apache.maven.model.io.DefaultModelReader.read(DefaultModelReader.java:94) ~[maven-model-builder-3.3.3.jar:3.3.3]
	at org.eclipse.m2e.core.internal.embedder.MavenImpl.readModel(MavenImpl.java:563) ~[org.eclipse.m2e.core_1.6.0.20150526-2032.jar:na]
	... 24 common frames omitted
Caused by: org.codehaus.plexus.util.xml.pull.XmlPullParserException: Duplicated tag: 'build' (position: START_TAG seen ...</dependencies>\n\t<build>... @61:9) 
	at org.apache.maven.model.io.xpp3.MavenXpp3Reader.checkFieldWithDuplicate(MavenXpp3Reader.java:114) ~[maven-model-3.3.3.jar:3.3.3]
	at org.apache.maven.model.io.xpp3.MavenXpp3Reader.parseModel(MavenXpp3Reader.java:2237) ~[maven-model-3.3.3.jar:3.3.3]
	at org.apache.maven.model.io.xpp3.MavenXpp3Reader.read(MavenXpp3Reader.java:3807) ~[maven-model-3.3.3.jar:3.3.3]
	at org.apache.maven.model.io.xpp3.MavenXpp3Reader.read(MavenXpp3Reader.java:557) ~[maven-model-3.3.3.jar:3.3.3]
	at org.apache.maven.model.io.DefaultModelReader.read(DefaultModelReader.java:125) ~[maven-model-builder-3.3.3.jar:3.3.3]
	... 26 common frames omitted
2016-06-06 19:34:29,820 [Worker-30] INFO  o.e.m.c.i.p.ProjectConfigurationManager - Update started
2016-06-06 19:34:29,828 [Worker-30] ERROR o.e.m.c.i.p.r.ProjectRegistryManager - Could not read pom.xml
org.eclipse.core.runtime.CoreException: Could not read pom.xml
	at org.eclipse.m2e.core.internal.embedder.MavenImpl.readModel(MavenImpl.java:565) [org.eclipse.m2e.core_1.6.0.20150526-2032.jar:na]
	at org.eclipse.m2e.core.internal.embedder.MavenImpl.readModel(MavenImpl.java:574) [org.eclipse.m2e.core_1.6.0.20150526-2032.jar:na]
	at org.eclipse.m2e.core.internal.project.registry.ProjectRegistryManager.refreshPhase2(ProjectRegistryManager.java:541) [org.eclipse.m2e.core_1.6.0.20150526-2032.jar:na]
	at org.eclipse.m2e.core.internal.project.registry.ProjectRegistryManager.refresh(ProjectRegistryManager.java:497) [org.eclipse.m2e.core_1.6.0.20150526-2032.jar:na]
	at org.eclipse.m2e.core.internal.project.registry.ProjectRegistryManager.refresh(ProjectRegistryManager.java:350) [org.eclipse.m2e.core_1.6.0.20150526-2032.jar:na]
	at org.eclipse.m2e.core.internal.project.registry.ProjectRegistryManager.refresh(ProjectRegistryManager.java:297) [org.eclipse.m2e.core_1.6.0.20150526-2032.jar:na]
	at org.eclipse.m2e.core.internal.project.ProjectConfigurationManager.updateProjectConfiguration0(ProjectConfigurationManager.java:398) [org.eclipse.m2e.core_1.6.0.20150526-2032.jar:na]
	at org.eclipse.m2e.core.internal.project.ProjectConfigurationManager$2.call(ProjectConfigurationManager.java:345) [org.eclipse.m2e.core_1.6.0.20150526-2032.jar:na]
	at org.eclipse.m2e.core.internal.project.ProjectConfigurationManager$2.call(ProjectConfigurationManager.java:1) [org.eclipse.m2e.core_1.6.0.20150526-2032.jar:na]
	at org.eclipse.m2e.core.internal.embedder.MavenExecutionContext.executeBare(MavenExecutionContext.java:176) [org.eclipse.m2e.core_1.6.0.20150526-2032.jar:na]
	at org.eclipse.m2e.core.internal.embedder.MavenExecutionContext.execute(MavenExecutionContext.java:151) [org.eclipse.m2e.core_1.6.0.20150526-2032.jar:na]
	at org.eclipse.m2e.core.internal.embedder.MavenExecutionContext.execute(MavenExecutionContext.java:99) [org.eclipse.m2e.core_1.6.0.20150526-2032.jar:na]
	at org.eclipse.m2e.core.internal.embedder.MavenImpl.execute(MavenImpl.java:1351) [org.eclipse.m2e.core_1.6.0.20150526-2032.jar:na]
	at org.eclipse.m2e.core.internal.project.ProjectConfigurationManager.updateProjectConfiguration(ProjectConfigurationManager.java:342) [org.eclipse.m2e.core_1.6.0.20150526-2032.jar:na]
	at org.eclipse.m2e.core.ui.internal.UpdateMavenProjectJob.runInWorkspace(UpdateMavenProjectJob.java:77) [org.eclipse.m2e.core.ui_1.6.0.20150526-2032.jar:na]
	at org.eclipse.core.internal.resources.InternalWorkspaceJob.run(InternalWorkspaceJob.java:39) [org.eclipse.core.resources_3.10.0.v20150423-0755.jar:na]
	at org.eclipse.core.internal.jobs.Worker.run(Worker.java:55) [org.eclipse.core.jobs_3.7.0.v20150330-2103.jar:na]
Caused by: org.apache.maven.model.io.ModelParseException: Duplicated tag: 'build' (position: START_TAG seen ...</dependencies>\n\t<build>... @61:9) 
	at org.apache.maven.model.io.DefaultModelReader.read(DefaultModelReader.java:130) ~[maven-model-builder-3.3.3.jar:3.3.3]
	at org.apache.maven.model.io.DefaultModelReader.read(DefaultModelReader.java:94) ~[maven-model-builder-3.3.3.jar:3.3.3]
	at org.eclipse.m2e.core.internal.embedder.MavenImpl.readModel(MavenImpl.java:563) [org.eclipse.m2e.core_1.6.0.20150526-2032.jar:na]
	... 16 common frames omitted
Caused by: org.codehaus.plexus.util.xml.pull.XmlPullParserException: Duplicated tag: 'build' (position: START_TAG seen ...</dependencies>\n\t<build>... @61:9) 
	at org.apache.maven.model.io.xpp3.MavenXpp3Reader.checkFieldWithDuplicate(MavenXpp3Reader.java:114) ~[maven-model-3.3.3.jar:3.3.3]
	at org.apache.maven.model.io.xpp3.MavenXpp3Reader.parseModel(MavenXpp3Reader.java:2237) ~[maven-model-3.3.3.jar:3.3.3]
	at org.apache.maven.model.io.xpp3.MavenXpp3Reader.read(MavenXpp3Reader.java:3807) ~[maven-model-3.3.3.jar:3.3.3]
	at org.apache.maven.model.io.xpp3.MavenXpp3Reader.read(MavenXpp3Reader.java:557) ~[maven-model-3.3.3.jar:3.3.3]
	at org.apache.maven.model.io.DefaultModelReader.read(DefaultModelReader.java:125) ~[maven-model-builder-3.3.3.jar:3.3.3]
	... 18 common frames omitted
2016-06-06 19:34:29,829 [Worker-30] INFO  o.e.m.c.i.p.ProjectConfigurationManager - Update completed: 0 sec
2016-06-06 19:35:59,696 [Worker-35] INFO  o.e.m.c.i.l.LifecycleMappingFactory - Using org.maven.ide.eclipse.wtp.WarLifecycleMapping lifecycle mapping for MavenProject: com.mycomp.ws:hellows:0.0.1-SNAPSHOT @ /Users/jamietobin/Documents/workspaceWS/WebServices/soap/hellows/pom.xml.
2016-06-06 19:35:59,958 [Worker-35] WARN  o.e.m.c.i.embedder.EclipseLogger - Using platform encoding (UTF-8 actually) to copy filtered resources, i.e. build is platform dependent!
2016-06-06 19:35:59,958 [Worker-35] INFO  o.e.m.c.i.embedder.EclipseLogger - Copying 0 resource
2016-06-06 19:35:59,960 [Worker-35] WARN  o.e.m.c.i.embedder.EclipseLogger - Using platform encoding (UTF-8 actually) to copy filtered resources, i.e. build is platform dependent!
2016-06-06 19:35:59,960 [Worker-35] INFO  o.e.m.c.i.embedder.EclipseLogger - skip non existing resourceDirectory /Users/jamietobin/Documents/workspaceWS/WebServices/soap/hellows/src/test/resources
2016-06-06 19:35:59,960 [Worker-35] INFO  o.e.m.w.i.f.ResourceFilteringBuildParticipant - Changed resources require a complete clean of filtered resources of hellows
2016-06-06 19:35:59,961 [Worker-35] INFO  o.e.m.w.i.f.ResourceFilteringBuildParticipant - Executing resource filtering for hellows
2016-06-06 19:35:59,967 [Worker-35] WARN  o.e.m.c.i.embedder.EclipseLogger - Using platform encoding (UTF-8 actually) to copy filtered resources, i.e. build is platform dependent!
2016-06-06 19:36:01,125 [Worker-28] WARN  o.e.m.c.i.embedder.EclipseLogger - Using platform encoding (UTF-8 actually) to copy filtered resources, i.e. build is platform dependent!
2016-06-06 19:36:01,125 [Worker-28] INFO  o.e.m.c.i.embedder.EclipseLogger - Copying 0 resource
2016-06-06 19:36:01,126 [Worker-28] WARN  o.e.m.c.i.embedder.EclipseLogger - Using platform encoding (UTF-8 actually) to copy filtered resources, i.e. build is platform dependent!
2016-06-06 19:36:01,126 [Worker-28] INFO  o.e.m.c.i.embedder.EclipseLogger - skip non existing resourceDirectory /Users/jamietobin/Documents/workspaceWS/WebServices/soap/hellows/src/test/resources
2016-06-06 19:36:29,284 [Worker-34] INFO  o.e.m.c.i.p.ProjectConfigurationManager - Update started
2016-06-06 19:36:29,309 [Worker-34] INFO  o.e.m.c.i.l.LifecycleMappingFactory - Using org.maven.ide.eclipse.wtp.WarLifecycleMapping lifecycle mapping for MavenProject: com.mycomp.ws:hellows:0.0.1-SNAPSHOT @ /Users/jamietobin/Documents/workspaceWS/WebServices/soap/hellows/pom.xml.
2016-06-06 19:36:29,495 [Worker-34] INFO  o.e.m.j.i.AbstractJavaProjectConfigurator - Adding source folder /hellows/src/main/java
2016-06-06 19:36:29,495 [Worker-34] INFO  o.e.m.j.i.AbstractJavaProjectConfigurator - Adding resource folder /hellows/src/main/resources
2016-06-06 19:36:29,496 [Worker-34] INFO  o.e.m.j.i.AbstractJavaProjectConfigurator - Adding source folder /hellows/src/test/java
2016-06-06 19:36:31,505 [Worker-34] INFO  o.e.m.w.i.f.ResourceFilteringBuildParticipant - Cleaning filtered folder for hellows
2016-06-06 19:36:31,508 [Worker-34] INFO  o.e.m.c.i.p.ProjectConfigurationManager - Update completed: 2 sec
2016-06-06 19:36:31,577 [Worker-33] WARN  o.e.m.c.i.embedder.EclipseLogger - Using platform encoding (UTF-8 actually) to copy filtered resources, i.e. build is platform dependent!
2016-06-06 19:36:31,578 [Worker-33] INFO  o.e.m.c.i.embedder.EclipseLogger - Copying 0 resource
2016-06-06 19:36:31,579 [Worker-33] WARN  o.e.m.c.i.embedder.EclipseLogger - Using platform encoding (UTF-8 actually) to copy filtered resources, i.e. build is platform dependent!
2016-06-06 19:36:31,579 [Worker-33] INFO  o.e.m.c.i.embedder.EclipseLogger - skip non existing resourceDirectory /Users/jamietobin/Documents/workspaceWS/WebServices/soap/hellows/src/test/resources
2016-06-06 19:36:31,579 [Worker-33] INFO  o.e.m.w.i.f.ResourceFilteringBuildParticipant - Changed resources require a complete clean of filtered resources of hellows
2016-06-06 19:36:31,579 [Worker-33] INFO  o.e.m.w.i.f.ResourceFilteringBuildParticipant - Executing resource filtering for hellows
2016-06-06 19:36:31,582 [Worker-33] WARN  o.e.m.c.i.embedder.EclipseLogger - Using platform encoding (UTF-8 actually) to copy filtered resources, i.e. build is platform dependent!
2016-06-06 19:36:31,751 [Worker-35] WARN  o.e.m.c.i.embedder.EclipseLogger - Using platform encoding (UTF-8 actually) to copy filtered resources, i.e. build is platform dependent!
2016-06-06 19:36:31,751 [Worker-35] INFO  o.e.m.c.i.embedder.EclipseLogger - Copying 0 resource
2016-06-06 19:36:31,751 [Worker-35] WARN  o.e.m.c.i.embedder.EclipseLogger - Using platform encoding (UTF-8 actually) to copy filtered resources, i.e. build is platform dependent!
2016-06-06 19:36:31,752 [Worker-35] INFO  o.e.m.c.i.embedder.EclipseLogger - skip non existing resourceDirectory /Users/jamietobin/Documents/workspaceWS/WebServices/soap/hellows/src/test/resources
2016-06-06 19:38:19,062 [Worker-37] WARN  o.e.m.c.i.embedder.EclipseLogger - Using platform encoding (UTF-8 actually) to copy filtered resources, i.e. build is platform dependent!
2016-06-06 19:38:19,062 [Worker-37] INFO  o.e.m.c.i.embedder.EclipseLogger - Copying 0 resource
2016-06-06 19:38:19,063 [Worker-37] WARN  o.e.m.c.i.embedder.EclipseLogger - Using platform encoding (UTF-8 actually) to copy filtered resources, i.e. build is platform dependent!
2016-06-06 19:38:19,064 [Worker-37] INFO  o.e.m.c.i.embedder.EclipseLogger - skip non existing resourceDirectory /Users/jamietobin/Documents/workspaceWS/WebServices/soap/hellows/src/test/resources
2016-06-06 19:39:06,107 [Worker-34] WARN  o.e.m.c.i.embedder.EclipseLogger - Using platform encoding (UTF-8 actually) to copy filtered resources, i.e. build is platform dependent!
2016-06-06 19:39:06,108 [Worker-34] INFO  o.e.m.c.i.embedder.EclipseLogger - Copying 0 resource
2016-06-06 19:39:06,109 [Worker-34] WARN  o.e.m.c.i.embedder.EclipseLogger - Using platform encoding (UTF-8 actually) to copy filtered resources, i.e. build is platform dependent!
2016-06-06 19:39:06,109 [Worker-34] INFO  o.e.m.c.i.embedder.EclipseLogger - skip non existing resourceDirectory /Users/jamietobin/Documents/workspaceWS/WebServices/soap/hellows/src/test/resources
2016-06-06 19:40:11,259 [Worker-39] WARN  o.e.m.c.i.embedder.EclipseLogger - Using platform encoding (UTF-8 actually) to copy filtered resources, i.e. build is platform dependent!
2016-06-06 19:40:11,259 [Worker-39] INFO  o.e.m.c.i.embedder.EclipseLogger - Copying 0 resource
2016-06-06 19:40:11,260 [Worker-39] WARN  o.e.m.c.i.embedder.EclipseLogger - Using platform encoding (UTF-8 actually) to copy filtered resources, i.e. build is platform dependent!
2016-06-06 19:40:11,260 [Worker-39] INFO  o.e.m.c.i.embedder.EclipseLogger - skip non existing resourceDirectory /Users/jamietobin/Documents/workspaceWS/WebServices/soap/hellows/src/test/resources
2016-06-06 19:41:13,441 [Worker-36] WARN  o.e.m.c.i.embedder.EclipseLogger - Using platform encoding (UTF-8 actually) to copy filtered resources, i.e. build is platform dependent!
2016-06-06 19:41:13,442 [Worker-36] INFO  o.e.m.c.i.embedder.EclipseLogger - Copying 0 resource
2016-06-06 19:41:13,443 [Worker-36] WARN  o.e.m.c.i.embedder.EclipseLogger - Using platform encoding (UTF-8 actually) to copy filtered resources, i.e. build is platform dependent!
2016-06-06 19:41:13,443 [Worker-36] INFO  o.e.m.c.i.embedder.EclipseLogger - skip non existing resourceDirectory /Users/jamietobin/Documents/workspaceWS/WebServices/soap/hellows/src/test/resources
2016-06-06 19:42:47,391 [Worker-42] WARN  o.e.m.c.i.embedder.EclipseLogger - Using platform encoding (UTF-8 actually) to copy filtered resources, i.e. build is platform dependent!
2016-06-06 19:42:47,392 [Worker-42] INFO  o.e.m.c.i.embedder.EclipseLogger - Copying 0 resource
2016-06-06 19:42:47,393 [Worker-42] WARN  o.e.m.c.i.embedder.EclipseLogger - Using platform encoding (UTF-8 actually) to copy filtered resources, i.e. build is platform dependent!
2016-06-06 19:42:47,394 [Worker-42] INFO  o.e.m.c.i.embedder.EclipseLogger - skip non existing resourceDirectory /Users/jamietobin/Documents/workspaceWS/WebServices/soap/hellows/src/test/resources
2016-06-06 19:43:59,300 [Worker-43] WARN  o.e.m.c.i.embedder.EclipseLogger - Using platform encoding (UTF-8 actually) to copy filtered resources, i.e. build is platform dependent!
2016-06-06 19:43:59,300 [Worker-43] INFO  o.e.m.c.i.embedder.EclipseLogger - Copying 0 resource
2016-06-06 19:43:59,301 [Worker-43] WARN  o.e.m.c.i.embedder.EclipseLogger - Using platform encoding (UTF-8 actually) to copy filtered resources, i.e. build is platform dependent!
2016-06-06 19:43:59,301 [Worker-43] INFO  o.e.m.c.i.embedder.EclipseLogger - skip non existing resourceDirectory /Users/jamietobin/Documents/workspaceWS/WebServices/soap/hellows/src/test/resources
2016-06-06 19:44:38,289 [Worker-33] WARN  o.e.m.c.i.embedder.EclipseLogger - Using platform encoding (UTF-8 actually) to copy filtered resources, i.e. build is platform dependent!
2016-06-06 19:44:38,289 [Worker-33] INFO  o.e.m.c.i.embedder.EclipseLogger - Copying 0 resource
2016-06-06 19:44:38,290 [Worker-33] WARN  o.e.m.c.i.embedder.EclipseLogger - Using platform encoding (UTF-8 actually) to copy filtered resources, i.e. build is platform dependent!
2016-06-06 19:44:38,290 [Worker-33] INFO  o.e.m.c.i.embedder.EclipseLogger - skip non existing resourceDirectory /Users/jamietobin/Documents/workspaceWS/WebServices/soap/hellows/src/test/resources
2016-06-06 19:48:46,598 [Worker-44] WARN  o.e.m.c.i.embedder.EclipseLogger - Using platform encoding (UTF-8 actually) to copy filtered resources, i.e. build is platform dependent!
2016-06-06 19:48:46,598 [Worker-44] INFO  o.e.m.c.i.embedder.EclipseLogger - Copying 0 resource
2016-06-06 19:48:46,599 [Worker-44] WARN  o.e.m.c.i.embedder.EclipseLogger - Using platform encoding (UTF-8 actually) to copy filtered resources, i.e. build is platform dependent!
2016-06-06 19:48:46,599 [Worker-44] INFO  o.e.m.c.i.embedder.EclipseLogger - skip non existing resourceDirectory /Users/jamietobin/Documents/workspaceWS/WebServices/soap/hellows/src/test/resources
2016-06-06 19:56:17,083 [Worker-47] WARN  o.e.m.c.i.embedder.EclipseLogger - Using platform encoding (UTF-8 actually) to copy filtered resources, i.e. build is platform dependent!
2016-06-06 19:56:17,084 [Worker-47] INFO  o.e.m.c.i.embedder.EclipseLogger - Copying 0 resource
2016-06-06 19:56:17,084 [Worker-47] WARN  o.e.m.c.i.embedder.EclipseLogger - Using platform encoding (UTF-8 actually) to copy filtered resources, i.e. build is platform dependent!
2016-06-06 19:56:17,085 [Worker-47] INFO  o.e.m.c.i.embedder.EclipseLogger - skip non existing resourceDirectory /Users/jamietobin/Documents/workspaceWS/WebServices/soap/hellows/src/test/resources
2016-06-06 19:56:45,124 [Worker-47] INFO  o.e.m.i.launch.MavenLaunchDelegate - /Users/jamietobin/Documents/workspaceWS/WebServices/soap/hellows
2016-06-06 19:56:45,124 [Worker-47] INFO  o.e.m.i.launch.MavenLaunchDelegate -  mvn  -B clean
2016-06-06 19:56:46,531 [Worker-48] WARN  o.e.m.c.i.embedder.EclipseLogger - Using platform encoding (UTF-8 actually) to copy filtered resources, i.e. build is platform dependent!
2016-06-06 19:56:46,532 [Worker-48] INFO  o.e.m.c.i.embedder.EclipseLogger - Copying 0 resource
2016-06-06 19:56:46,532 [Worker-48] WARN  o.e.m.c.i.embedder.EclipseLogger - Using platform encoding (UTF-8 actually) to copy filtered resources, i.e. build is platform dependent!
2016-06-06 19:56:46,532 [Worker-48] INFO  o.e.m.c.i.embedder.EclipseLogger - skip non existing resourceDirectory /Users/jamietobin/Documents/workspaceWS/WebServices/soap/hellows/src/test/resources
2016-06-06 19:56:46,532 [Worker-48] INFO  o.e.m.w.i.f.ResourceFilteringBuildParticipant - Changed resources require a complete clean of filtered resources of hellows
2016-06-06 19:56:46,532 [Worker-48] INFO  o.e.m.w.i.f.ResourceFilteringBuildParticipant - Executing resource filtering for hellows
2016-06-06 19:56:46,538 [Worker-48] WARN  o.e.m.c.i.embedder.EclipseLogger - Using platform encoding (UTF-8 actually) to copy filtered resources, i.e. build is platform dependent!
2016-06-06 19:56:57,775 [Worker-45] INFO  o.e.m.i.launch.MavenLaunchDelegate - /Users/jamietobin/Documents/workspaceWS/WebServices/soap/hellows
2016-06-06 19:56:57,775 [Worker-45] INFO  o.e.m.i.launch.MavenLaunchDelegate -  mvn  -B install
2016-06-06 19:57:01,692 [Worker-45] WARN  o.e.m.c.i.embedder.EclipseLogger - Using platform encoding (UTF-8 actually) to copy filtered resources, i.e. build is platform dependent!
2016-06-06 19:57:01,692 [Worker-45] INFO  o.e.m.c.i.embedder.EclipseLogger - Copying 0 resource
2016-06-06 19:57:01,693 [Worker-45] WARN  o.e.m.c.i.embedder.EclipseLogger - Using platform encoding (UTF-8 actually) to copy filtered resources, i.e. build is platform dependent!
2016-06-06 19:57:01,693 [Worker-45] INFO  o.e.m.c.i.embedder.EclipseLogger - skip non existing resourceDirectory /Users/jamietobin/Documents/workspaceWS/WebServices/soap/hellows/src/test/resources
2016-06-06 19:58:10,913 [Worker-42] WARN  o.e.m.c.i.embedder.EclipseLogger - Using platform encoding (UTF-8 actually) to copy filtered resources, i.e. build is platform dependent!
2016-06-06 19:58:10,913 [Worker-42] INFO  o.e.m.c.i.embedder.EclipseLogger - Copying 0 resource
2016-06-06 19:58:10,914 [Worker-42] WARN  o.e.m.c.i.embedder.EclipseLogger - Using platform encoding (UTF-8 actually) to copy filtered resources, i.e. build is platform dependent!
2016-06-06 19:58:10,914 [Worker-42] INFO  o.e.m.c.i.embedder.EclipseLogger - skip non existing resourceDirectory /Users/jamietobin/Documents/workspaceWS/WebServices/soap/hellows/src/test/resources
2016-06-06 19:58:27,491 [Worker-47] WARN  o.e.m.c.i.embedder.EclipseLogger - Using platform encoding (UTF-8 actually) to copy filtered resources, i.e. build is platform dependent!
2016-06-06 19:58:27,492 [Worker-47] INFO  o.e.m.c.i.embedder.EclipseLogger - Copying 0 resource
2016-06-06 19:58:27,493 [Worker-47] WARN  o.e.m.c.i.embedder.EclipseLogger - Using platform encoding (UTF-8 actually) to copy filtered resources, i.e. build is platform dependent!
2016-06-06 19:58:27,493 [Worker-47] INFO  o.e.m.c.i.embedder.EclipseLogger - skip non existing resourceDirectory /Users/jamietobin/Documents/workspaceWS/WebServices/soap/hellows/src/test/resources
2016-06-06 19:59:49,408 [Worker-41] WARN  o.e.m.c.i.embedder.EclipseLogger - Using platform encoding (UTF-8 actually) to copy filtered resources, i.e. build is platform dependent!
2016-06-06 19:59:49,408 [Worker-41] INFO  o.e.m.c.i.embedder.EclipseLogger - Copying 0 resource
2016-06-06 19:59:49,409 [Worker-41] WARN  o.e.m.c.i.embedder.EclipseLogger - Using platform encoding (UTF-8 actually) to copy filtered resources, i.e. build is platform dependent!
2016-06-06 19:59:49,409 [Worker-41] INFO  o.e.m.c.i.embedder.EclipseLogger - skip non existing resourceDirectory /Users/jamietobin/Documents/workspaceWS/WebServices/soap/hellows/src/test/resources
2016-06-06 20:04:34,331 [Worker-45] WARN  o.e.m.c.i.embedder.EclipseLogger - Using platform encoding (UTF-8 actually) to copy filtered resources, i.e. build is platform dependent!
2016-06-06 20:04:34,331 [Worker-45] INFO  o.e.m.c.i.embedder.EclipseLogger - Copying 0 resource
2016-06-06 20:04:34,332 [Worker-45] WARN  o.e.m.c.i.embedder.EclipseLogger - Using platform encoding (UTF-8 actually) to copy filtered resources, i.e. build is platform dependent!
2016-06-06 20:04:34,332 [Worker-45] INFO  o.e.m.c.i.embedder.EclipseLogger - skip non existing resourceDirectory /Users/jamietobin/Documents/workspaceWS/WebServices/soap/hellows/src/test/resources
2016-06-06 20:06:29,452 [Worker-41] WARN  o.e.m.c.i.embedder.EclipseLogger - Using platform encoding (UTF-8 actually) to copy filtered resources, i.e. build is platform dependent!
2016-06-06 20:06:29,453 [Worker-41] INFO  o.e.m.c.i.embedder.EclipseLogger - Copying 0 resource
2016-06-06 20:06:29,453 [Worker-41] WARN  o.e.m.c.i.embedder.EclipseLogger - Using platform encoding (UTF-8 actually) to copy filtered resources, i.e. build is platform dependent!
2016-06-06 20:06:29,454 [Worker-41] INFO  o.e.m.c.i.embedder.EclipseLogger - skip non existing resourceDirectory /Users/jamietobin/Documents/workspaceWS/WebServices/soap/hellows/src/test/resources
2016-06-06 20:08:01,116 [Worker-53] WARN  o.e.m.c.i.embedder.EclipseLogger - Using platform encoding (UTF-8 actually) to copy filtered resources, i.e. build is platform dependent!
2016-06-06 20:08:01,117 [Worker-53] INFO  o.e.m.c.i.embedder.EclipseLogger - Copying 0 resource
2016-06-06 20:08:01,117 [Worker-53] WARN  o.e.m.c.i.embedder.EclipseLogger - Using platform encoding (UTF-8 actually) to copy filtered resources, i.e. build is platform dependent!
2016-06-06 20:08:01,118 [Worker-53] INFO  o.e.m.c.i.embedder.EclipseLogger - skip non existing resourceDirectory /Users/jamietobin/Documents/workspaceWS/WebServices/soap/hellows/src/test/resources
2016-06-12 10:07:47,557 [Worker-21] WARN  o.e.m.c.i.embedder.EclipseLogger - Using platform encoding (UTF-8 actually) to copy filtered resources, i.e. build is platform dependent!
2016-06-12 10:07:47,567 [Worker-21] INFO  o.e.m.c.i.embedder.EclipseLogger - Copying 0 resource
2016-06-12 10:07:47,569 [Worker-21] WARN  o.e.m.c.i.embedder.EclipseLogger - Using platform encoding (UTF-8 actually) to copy filtered resources, i.e. build is platform dependent!
2016-06-12 10:07:47,570 [Worker-21] INFO  o.e.m.c.i.embedder.EclipseLogger - skip non existing resourceDirectory /Users/jamietobin/Documents/workspaceWS/WebServices/soap/hellows/src/test/resources
2016-06-12 10:07:48,349 [Worker-4] WARN  o.e.m.c.i.embedder.EclipseLogger - Using platform encoding (UTF-8 actually) to copy filtered resources, i.e. build is platform dependent!
2016-06-12 10:07:48,350 [Worker-4] INFO  o.e.m.c.i.embedder.EclipseLogger - skip non existing resourceDirectory /Users/jamietobin/Documents/workspaceWS/WebServices/soap/javafirstws/src/main/resources
2016-06-12 10:07:48,352 [Worker-4] WARN  o.e.m.c.i.embedder.EclipseLogger - Using platform encoding (UTF-8 actually) to copy filtered resources, i.e. build is platform dependent!
2016-06-12 10:07:48,353 [Worker-4] INFO  o.e.m.c.i.embedder.EclipseLogger - skip non existing resourceDirectory /Users/jamietobin/Documents/workspaceWS/WebServices/soap/javafirstws/src/test/resources
2016-06-12 10:07:48,644 [Worker-4] INFO  o.e.m.c.i.embedder.EclipseLogger - Generated sources are up-to-date; XJC execution will be skipped.
2016-06-12 10:07:48,648 [Worker-4] INFO  o.e.m.c.i.embedder.EclipseLogger - Using 'UTF-8' encoding to copy filtered resources.
2016-06-12 10:07:48,648 [Worker-4] INFO  o.e.m.c.i.embedder.EclipseLogger - skip non existing resourceDirectory /Users/jamietobin/Documents/workspaceWS/WebServices/soap/jaxb-xjc/src/main/resources
2016-06-12 10:07:48,649 [Worker-4] INFO  o.e.m.c.i.embedder.EclipseLogger - Copying 1 resource
2016-06-12 10:07:48,657 [Worker-4] INFO  o.e.m.c.i.embedder.EclipseLogger - Using 'UTF-8' encoding to copy filtered resources.
2016-06-12 10:07:48,657 [Worker-4] INFO  o.e.m.c.i.embedder.EclipseLogger - skip non existing resourceDirectory /Users/jamietobin/Documents/workspaceWS/WebServices/soap/jaxb-xjc/src/test/resources
2016-06-12 10:07:49,949 [Worker-14] INFO  o.e.m.c.i.embedder.EclipseLogger - Generated sources are up-to-date; XJC execution will be skipped.
2016-06-12 10:07:49,950 [Worker-14] INFO  o.e.m.c.i.embedder.EclipseLogger - Using 'UTF-8' encoding to copy filtered resources.
2016-06-12 10:07:49,950 [Worker-14] INFO  o.e.m.c.i.embedder.EclipseLogger - skip non existing resourceDirectory /Users/jamietobin/Documents/workspaceWS/WebServices/soap/jaxb-xjc/src/main/resources
2016-06-12 10:07:49,952 [Worker-14] INFO  o.e.m.c.i.embedder.EclipseLogger - Copying 1 resource
2016-06-12 10:07:49,953 [Worker-14] INFO  o.e.m.c.i.embedder.EclipseLogger - Using 'UTF-8' encoding to copy filtered resources.
2016-06-12 10:07:49,953 [Worker-14] INFO  o.e.m.c.i.embedder.EclipseLogger - skip non existing resourceDirectory /Users/jamietobin/Documents/workspaceWS/WebServices/soap/jaxb-xjc/src/test/resources
2016-06-12 10:13:15,464 [Worker-10] INFO  o.e.m.c.i.l.LifecycleMappingFactory - Using org.maven.ide.eclipse.wtp.WarLifecycleMapping lifecycle mapping for MavenProject: com.bharath.soap.webservices:wsdlfirstws:1.0 @ /Users/jamietobin/Documents/workspaceWS/WebServices/soap/wsdlfirstws/pom.xml.
2016-06-12 10:13:15,984 [Worker-10] INFO  o.e.m.j.i.AbstractJavaProjectConfigurator - Adding source folder /wsdlfirstws/src/main/java
2016-06-12 10:13:15,985 [Worker-10] INFO  o.e.m.j.i.AbstractJavaProjectConfigurator - Adding source folder /wsdlfirstws/src/generated
2016-06-12 10:13:15,985 [Worker-10] INFO  o.e.m.j.i.AbstractJavaProjectConfigurator - Adding source folder /wsdlfirstws/src/test/java
2016-06-12 10:13:17,112 [Worker-10] INFO  o.e.m.c.i.p.ProjectConfigurationManager - Imported and configured 1 project(s) in 1 sec
2016-06-12 10:13:19,887 [Worker-16] WARN  o.e.m.c.i.embedder.EclipseLogger - Using platform encoding (UTF-8 actually) to copy filtered resources, i.e. build is platform dependent!
2016-06-12 10:13:19,887 [Worker-16] INFO  o.e.m.c.i.embedder.EclipseLogger - skip non existing resourceDirectory /Users/jamietobin/Documents/workspaceWS/WebServices/soap/wsdlfirstws/src/main/resources
2016-06-12 10:13:19,889 [Worker-16] WARN  o.e.m.c.i.embedder.EclipseLogger - Using platform encoding (UTF-8 actually) to copy filtered resources, i.e. build is platform dependent!
2016-06-12 10:13:19,890 [Worker-16] INFO  o.e.m.c.i.embedder.EclipseLogger - skip non existing resourceDirectory /Users/jamietobin/Documents/workspaceWS/WebServices/soap/wsdlfirstws/src/test/resources
2016-06-12 10:13:21,069 [Worker-12] WARN  o.e.m.c.i.embedder.EclipseLogger - Using platform encoding (UTF-8 actually) to copy filtered resources, i.e. build is platform dependent!
2016-06-12 10:13:21,070 [Worker-12] INFO  o.e.m.c.i.embedder.EclipseLogger - skip non existing resourceDirectory /Users/jamietobin/Documents/workspaceWS/WebServices/soap/wsdlfirstws/src/main/resources
2016-06-12 10:13:21,071 [Worker-12] WARN  o.e.m.c.i.embedder.EclipseLogger - Using platform encoding (UTF-8 actually) to copy filtered resources, i.e. build is platform dependent!
2016-06-12 10:13:21,071 [Worker-12] INFO  o.e.m.c.i.embedder.EclipseLogger - skip non existing resourceDirectory /Users/jamietobin/Documents/workspaceWS/WebServices/soap/wsdlfirstws/src/test/resources
2016-06-12 10:14:30,942 [Worker-16] INFO  o.e.m.i.launch.MavenLaunchDelegate - /Users/jamietobin/Documents/workspaceWS/WebServices/soap/wsdlfirstws
2016-06-12 10:14:30,942 [Worker-16] INFO  o.e.m.i.launch.MavenLaunchDelegate -  mvn  -B clean
2016-06-12 10:14:33,552 [Worker-26] WARN  o.e.m.c.i.embedder.EclipseLogger - Using platform encoding (UTF-8 actually) to copy filtered resources, i.e. build is platform dependent!
2016-06-12 10:14:33,553 [Worker-26] INFO  o.e.m.c.i.embedder.EclipseLogger - skip non existing resourceDirectory /Users/jamietobin/Documents/workspaceWS/WebServices/soap/wsdlfirstws/src/main/resources
2016-06-12 10:14:33,554 [Worker-26] WARN  o.e.m.c.i.embedder.EclipseLogger - Using platform encoding (UTF-8 actually) to copy filtered resources, i.e. build is platform dependent!
2016-06-12 10:14:33,554 [Worker-26] INFO  o.e.m.c.i.embedder.EclipseLogger - skip non existing resourceDirectory /Users/jamietobin/Documents/workspaceWS/WebServices/soap/wsdlfirstws/src/test/resources
2016-06-12 10:14:33,554 [Worker-26] INFO  o.e.m.w.i.f.ResourceFilteringBuildParticipant - Changed resources require a complete clean of filtered resources of wsdlfirstws
2016-06-12 10:14:33,555 [Worker-26] INFO  o.e.m.w.i.f.ResourceFilteringBuildParticipant - Executing resource filtering for wsdlfirstws
2016-06-12 10:14:33,565 [Worker-26] WARN  o.e.m.c.i.embedder.EclipseLogger - Using platform encoding (UTF-8 actually) to copy filtered resources, i.e. build is platform dependent!
2016-06-12 10:14:35,321 [Worker-25] WARN  o.e.m.c.i.embedder.EclipseLogger - Using platform encoding (UTF-8 actually) to copy filtered resources, i.e. build is platform dependent!
2016-06-12 10:14:35,322 [Worker-25] INFO  o.e.m.c.i.embedder.EclipseLogger - skip non existing resourceDirectory /Users/jamietobin/Documents/workspaceWS/WebServices/soap/wsdlfirstws/src/main/resources
2016-06-12 10:14:35,323 [Worker-25] WARN  o.e.m.c.i.embedder.EclipseLogger - Using platform encoding (UTF-8 actually) to copy filtered resources, i.e. build is platform dependent!
2016-06-12 10:14:35,323 [Worker-25] INFO  o.e.m.c.i.embedder.EclipseLogger - skip non existing resourceDirectory /Users/jamietobin/Documents/workspaceWS/WebServices/soap/wsdlfirstws/src/test/resources
2016-06-12 10:15:14,811 [Worker-26] INFO  o.e.m.i.launch.MavenLaunchDelegate - /Users/jamietobin/Documents/workspaceWS/WebServices/soap/wsdlfirstws
2016-06-12 10:15:14,811 [Worker-26] INFO  o.e.m.i.launch.MavenLaunchDelegate -  mvn  -B generate-sources
2016-06-12 10:16:52,693 [Worker-10] WARN  o.e.m.c.i.embedder.EclipseLogger - Using platform encoding (UTF-8 actually) to copy filtered resources, i.e. build is platform dependent!
2016-06-12 10:16:52,694 [Worker-10] INFO  o.e.m.c.i.embedder.EclipseLogger - skip non existing resourceDirectory /Users/jamietobin/Documents/workspaceWS/WebServices/soap/wsdlfirstws/src/main/resources
2016-06-12 10:16:52,695 [Worker-10] WARN  o.e.m.c.i.embedder.EclipseLogger - Using platform encoding (UTF-8 actually) to copy filtered resources, i.e. build is platform dependent!
2016-06-12 10:16:52,695 [Worker-10] INFO  o.e.m.c.i.embedder.EclipseLogger - skip non existing resourceDirectory /Users/jamietobin/Documents/workspaceWS/WebServices/soap/wsdlfirstws/src/test/resources
2016-06-12 10:17:30,698 [Worker-10] INFO  o.e.m.i.launch.MavenLaunchDelegate - /Users/jamietobin/Documents/workspaceWS/WebServices/soap/wsdlfirstws
2016-06-12 10:17:30,698 [Worker-10] INFO  o.e.m.i.launch.MavenLaunchDelegate -  mvn  -B clean
2016-06-12 10:17:32,861 [Worker-28] WARN  o.e.m.c.i.embedder.EclipseLogger - Using platform encoding (UTF-8 actually) to copy filtered resources, i.e. build is platform dependent!
2016-06-12 10:17:32,861 [Worker-28] INFO  o.e.m.c.i.embedder.EclipseLogger - skip non existing resourceDirectory /Users/jamietobin/Documents/workspaceWS/WebServices/soap/wsdlfirstws/src/main/resources
2016-06-12 10:17:32,862 [Worker-28] WARN  o.e.m.c.i.embedder.EclipseLogger - Using platform encoding (UTF-8 actually) to copy filtered resources, i.e. build is platform dependent!
2016-06-12 10:17:32,863 [Worker-28] INFO  o.e.m.c.i.embedder.EclipseLogger - skip non existing resourceDirectory /Users/jamietobin/Documents/workspaceWS/WebServices/soap/wsdlfirstws/src/test/resources
2016-06-12 10:17:32,864 [Worker-28] INFO  o.e.m.w.i.f.ResourceFilteringBuildParticipant - Changed resources require a complete clean of filtered resources of wsdlfirstws
2016-06-12 10:17:32,864 [Worker-28] INFO  o.e.m.w.i.f.ResourceFilteringBuildParticipant - Executing resource filtering for wsdlfirstws
2016-06-12 10:17:32,869 [Worker-28] WARN  o.e.m.c.i.embedder.EclipseLogger - Using platform encoding (UTF-8 actually) to copy filtered resources, i.e. build is platform dependent!
2016-06-12 10:17:44,550 [Worker-30] INFO  o.e.m.i.launch.MavenLaunchDelegate - /Users/jamietobin/Documents/workspaceWS/WebServices/soap/wsdlfirstws
2016-06-12 10:17:44,551 [Worker-30] INFO  o.e.m.i.launch.MavenLaunchDelegate -  mvn  -B generate-sources
2016-06-12 10:20:48,401 [Worker-28] INFO  o.e.m.c.i.p.ProjectConfigurationManager - Update started
2016-06-12 10:20:48,549 [Worker-28] INFO  o.e.m.c.i.l.LifecycleMappingFactory - Using org.maven.ide.eclipse.wtp.WarLifecycleMapping lifecycle mapping for MavenProject: com.bharath.soap.webservices:wsdlfirstws:1.0 @ /Users/jamietobin/Documents/workspaceWS/WebServices/soap/wsdlfirstws/pom.xml.
2016-06-12 10:20:49,026 [Worker-28] INFO  o.e.m.j.i.AbstractJavaProjectConfigurator - Adding source folder /wsdlfirstws/src/main/java
2016-06-12 10:20:49,027 [Worker-28] INFO  o.e.m.j.i.AbstractJavaProjectConfigurator - Adding source folder /wsdlfirstws/src/generated
2016-06-12 10:20:49,027 [Worker-28] INFO  o.e.m.j.i.AbstractJavaProjectConfigurator - Adding source folder /wsdlfirstws/src/test/java
2016-06-12 10:20:49,332 [Worker-28] INFO  o.e.m.w.i.f.ResourceFilteringBuildParticipant - Cleaning filtered folder for wsdlfirstws
2016-06-12 10:20:49,334 [Worker-28] INFO  o.e.m.c.i.p.ProjectConfigurationManager - Update completed: 0 sec
2016-06-12 10:21:10,006 [Worker-30] WARN  o.e.m.c.i.embedder.EclipseLogger - Using platform encoding (UTF-8 actually) to copy filtered resources, i.e. build is platform dependent!
2016-06-12 10:21:10,007 [Worker-30] INFO  o.e.m.c.i.embedder.EclipseLogger - skip non existing resourceDirectory /Users/jamietobin/Documents/workspaceWS/WebServices/soap/wsdlfirstws/src/main/resources
2016-06-12 10:21:10,008 [Worker-30] WARN  o.e.m.c.i.embedder.EclipseLogger - Using platform encoding (UTF-8 actually) to copy filtered resources, i.e. build is platform dependent!
2016-06-12 10:21:10,008 [Worker-30] INFO  o.e.m.c.i.embedder.EclipseLogger - skip non existing resourceDirectory /Users/jamietobin/Documents/workspaceWS/WebServices/soap/wsdlfirstws/src/test/resources
2016-06-12 10:21:10,008 [Worker-30] INFO  o.e.m.w.i.f.ResourceFilteringBuildParticipant - Changed resources require a complete clean of filtered resources of wsdlfirstws
2016-06-12 10:21:10,008 [Worker-30] INFO  o.e.m.w.i.f.ResourceFilteringBuildParticipant - Executing resource filtering for wsdlfirstws
2016-06-12 10:21:10,014 [Worker-30] WARN  o.e.m.c.i.embedder.EclipseLogger - Using platform encoding (UTF-8 actually) to copy filtered resources, i.e. build is platform dependent!
2016-06-12 10:21:17,598 [Worker-26] INFO  o.e.m.i.launch.MavenLaunchDelegate - /Users/jamietobin/Documents/workspaceWS/WebServices/soap/wsdlfirstws
2016-06-12 10:21:17,598 [Worker-26] INFO  o.e.m.i.launch.MavenLaunchDelegate -  mvn  -B generate-sources
2016-06-12 10:21:24,456 [Worker-25] INFO  o.e.m.c.i.p.ProjectConfigurationManager - Update started
2016-06-12 10:21:24,607 [Worker-25] INFO  o.e.m.c.i.l.LifecycleMappingFactory - Using org.maven.ide.eclipse.wtp.WarLifecycleMapping lifecycle mapping for MavenProject: com.bharath.soap.webservices:wsdlfirstws:1.0 @ /Users/jamietobin/Documents/workspaceWS/WebServices/soap/wsdlfirstws/pom.xml.
2016-06-12 10:21:25,035 [Worker-25] INFO  o.e.m.j.i.AbstractJavaProjectConfigurator - Adding source folder /wsdlfirstws/src/main/java
2016-06-12 10:21:25,035 [Worker-25] INFO  o.e.m.j.i.AbstractJavaProjectConfigurator - Adding source folder /wsdlfirstws/src/generated
2016-06-12 10:21:25,035 [Worker-25] INFO  o.e.m.j.i.AbstractJavaProjectConfigurator - Adding source folder /wsdlfirstws/src/test/java
2016-06-12 10:21:25,292 [Worker-25] INFO  o.e.m.w.i.f.ResourceFilteringBuildParticipant - Cleaning filtered folder for wsdlfirstws
2016-06-12 10:21:25,294 [Worker-25] INFO  o.e.m.c.i.p.ProjectConfigurationManager - Update completed: 0 sec
2016-06-12 10:22:00,110 [Worker-29] INFO  o.e.m.c.i.p.ProjectConfigurationManager - Update started
2016-06-12 10:22:00,242 [Worker-29] INFO  o.e.m.c.i.l.LifecycleMappingFactory - Using org.maven.ide.eclipse.wtp.WarLifecycleMapping lifecycle mapping for MavenProject: com.bharath.soap.webservices:wsdlfirstws:1.0 @ /Users/jamietobin/Documents/workspaceWS/WebServices/soap/wsdlfirstws/pom.xml.
2016-06-12 10:22:00,681 [Worker-29] INFO  o.e.m.j.i.AbstractJavaProjectConfigurator - Adding source folder /wsdlfirstws/src/main/java
2016-06-12 10:22:00,681 [Worker-29] INFO  o.e.m.j.i.AbstractJavaProjectConfigurator - Adding source folder /wsdlfirstws/src/generated
2016-06-12 10:22:00,681 [Worker-29] INFO  o.e.m.j.i.AbstractJavaProjectConfigurator - Adding source folder /wsdlfirstws/src/test/java
2016-06-12 10:22:00,914 [Worker-29] INFO  o.e.m.w.i.f.ResourceFilteringBuildParticipant - Cleaning filtered folder for wsdlfirstws
2016-06-12 10:22:00,915 [Worker-29] INFO  o.e.m.c.i.p.ProjectConfigurationManager - Update completed: 0 sec
2016-06-12 10:22:06,393 [Worker-25] WARN  o.e.m.c.i.embedder.EclipseLogger - Using platform encoding (UTF-8 actually) to copy filtered resources, i.e. build is platform dependent!
2016-06-12 10:22:06,393 [Worker-25] INFO  o.e.m.c.i.embedder.EclipseLogger - skip non existing resourceDirectory /Users/jamietobin/Documents/workspaceWS/WebServices/soap/wsdlfirstws/src/main/resources
2016-06-12 10:22:06,394 [Worker-25] WARN  o.e.m.c.i.embedder.EclipseLogger - Using platform encoding (UTF-8 actually) to copy filtered resources, i.e. build is platform dependent!
2016-06-12 10:22:06,394 [Worker-25] INFO  o.e.m.c.i.embedder.EclipseLogger - skip non existing resourceDirectory /Users/jamietobin/Documents/workspaceWS/WebServices/soap/wsdlfirstws/src/test/resources
2016-06-12 10:22:06,394 [Worker-25] INFO  o.e.m.w.i.f.ResourceFilteringBuildParticipant - Changed resources require a complete clean of filtered resources of wsdlfirstws
2016-06-12 10:22:06,394 [Worker-25] INFO  o.e.m.w.i.f.ResourceFilteringBuildParticipant - Executing resource filtering for wsdlfirstws
2016-06-12 10:22:06,397 [Worker-25] WARN  o.e.m.c.i.embedder.EclipseLogger - Using platform encoding (UTF-8 actually) to copy filtered resources, i.e. build is platform dependent!
2016-06-12 10:22:14,239 [Worker-26] INFO  o.e.m.i.launch.MavenLaunchDelegate - /Users/jamietobin/Documents/workspaceWS/WebServices/soap/wsdlfirstws
2016-06-12 10:22:14,239 [Worker-26] INFO  o.e.m.i.launch.MavenLaunchDelegate -  mvn  -B generate-sources
2016-06-12 10:22:43,768 [Worker-26] INFO  o.e.m.c.i.p.ProjectConfigurationManager - Update started
2016-06-12 10:22:43,902 [Worker-26] INFO  o.e.m.c.i.l.LifecycleMappingFactory - Using org.maven.ide.eclipse.wtp.WarLifecycleMapping lifecycle mapping for MavenProject: com.bharath.soap.webservices:wsdlfirstws:1.0 @ /Users/jamietobin/Documents/workspaceWS/WebServices/soap/wsdlfirstws/pom.xml.
2016-06-12 10:22:44,303 [Worker-26] INFO  o.e.m.j.i.AbstractJavaProjectConfigurator - Adding source folder /wsdlfirstws/src/main/java
2016-06-12 10:22:44,304 [Worker-26] INFO  o.e.m.j.i.AbstractJavaProjectConfigurator - Adding source folder /wsdlfirstws/src/generated
2016-06-12 10:22:44,304 [Worker-26] INFO  o.e.m.j.i.AbstractJavaProjectConfigurator - Adding source folder /wsdlfirstws/src/test/java
2016-06-12 10:22:44,558 [Worker-26] INFO  o.e.m.w.i.f.ResourceFilteringBuildParticipant - Cleaning filtered folder for wsdlfirstws
2016-06-12 10:22:44,559 [Worker-26] INFO  o.e.m.c.i.p.ProjectConfigurationManager - Update completed: 0 sec
2016-06-12 10:23:04,403 [Worker-25] INFO  o.e.m.c.i.l.LifecycleMappingFactory - Using org.maven.ide.eclipse.wtp.WarLifecycleMapping lifecycle mapping for MavenProject: com.bharath.soap.webservices:wsdlfirstws:1.0 @ /Users/jamietobin/Documents/workspaceWS/WebServices/soap/wsdlfirstws/pom.xml.
2016-06-12 10:23:56,600 [Worker-32] INFO  o.e.m.c.i.p.ProjectConfigurationManager - Update started
2016-06-12 10:23:56,728 [Worker-32] INFO  o.e.m.c.i.l.LifecycleMappingFactory - Using org.maven.ide.eclipse.wtp.WarLifecycleMapping lifecycle mapping for MavenProject: com.bharath.soap.webservices:wsdlfirstws:1.0 @ /Users/jamietobin/Documents/workspaceWS/WebServices/soap/wsdlfirstws/pom.xml.
2016-06-12 10:23:57,148 [Worker-32] INFO  o.e.m.j.i.AbstractJavaProjectConfigurator - Adding source folder /wsdlfirstws/src/main/java
2016-06-12 10:23:57,149 [Worker-32] INFO  o.e.m.j.i.AbstractJavaProjectConfigurator - Adding source folder /wsdlfirstws/src/generated
2016-06-12 10:23:57,149 [Worker-32] INFO  o.e.m.j.i.AbstractJavaProjectConfigurator - Adding source folder /wsdlfirstws/src/test/java
2016-06-12 10:23:57,378 [Worker-32] INFO  o.e.m.w.i.f.ResourceFilteringBuildParticipant - Cleaning filtered folder for wsdlfirstws
2016-06-12 10:23:57,379 [Worker-32] INFO  o.e.m.c.i.p.ProjectConfigurationManager - Update completed: 0 sec
2016-06-12 10:26:58,839 [Worker-25] INFO  o.e.m.i.launch.MavenLaunchDelegate - /Users/jamietobin/Documents/workspaceWS/WebServices/soap/wsdlfirstws
2016-06-12 10:26:58,839 [Worker-25] INFO  o.e.m.i.launch.MavenLaunchDelegate -  mvn  -B clean
2016-06-12 10:28:43,960 [Worker-25] INFO  o.e.m.i.launch.MavenLaunchDelegate - /Users/jamietobin/Documents/workspaceWS/WebServices/soap/wsdlfirstws
2016-06-12 10:28:43,960 [Worker-25] INFO  o.e.m.i.launch.MavenLaunchDelegate -  mvn  -B generate-sources
2016-06-12 10:29:12,033 [Worker-28] WARN  o.e.m.c.i.embedder.EclipseLogger - Using platform encoding (UTF-8 actually) to copy filtered resources, i.e. build is platform dependent!
2016-06-12 10:29:12,034 [Worker-28] INFO  o.e.m.c.i.embedder.EclipseLogger - skip non existing resourceDirectory /Users/jamietobin/Documents/workspaceWS/WebServices/soap/wsdlfirstws/src/main/resources
2016-06-12 10:29:12,034 [Worker-28] WARN  o.e.m.c.i.embedder.EclipseLogger - Using platform encoding (UTF-8 actually) to copy filtered resources, i.e. build is platform dependent!
2016-06-12 10:29:12,034 [Worker-28] INFO  o.e.m.c.i.embedder.EclipseLogger - skip non existing resourceDirectory /Users/jamietobin/Documents/workspaceWS/WebServices/soap/wsdlfirstws/src/test/resources
2016-06-12 10:29:12,035 [Worker-28] INFO  o.e.m.w.i.f.ResourceFilteringBuildParticipant - Changed resources require a complete clean of filtered resources of wsdlfirstws
2016-06-12 10:29:12,035 [Worker-28] INFO  o.e.m.w.i.f.ResourceFilteringBuildParticipant - Executing resource filtering for wsdlfirstws
2016-06-12 10:29:12,038 [Worker-28] WARN  o.e.m.c.i.embedder.EclipseLogger - Using platform encoding (UTF-8 actually) to copy filtered resources, i.e. build is platform dependent!
2016-06-12 10:29:44,726 [Worker-30] WARN  o.e.m.c.i.embedder.EclipseLogger - Using platform encoding (UTF-8 actually) to copy filtered resources, i.e. build is platform dependent!
2016-06-12 10:29:44,726 [Worker-30] INFO  o.e.m.c.i.embedder.EclipseLogger - skip non existing resourceDirectory /Users/jamietobin/Documents/workspaceWS/WebServices/soap/wsdlfirstws/src/main/resources
2016-06-12 10:29:44,727 [Worker-30] WARN  o.e.m.c.i.embedder.EclipseLogger - Using platform encoding (UTF-8 actually) to copy filtered resources, i.e. build is platform dependent!
2016-06-12 10:29:44,727 [Worker-30] INFO  o.e.m.c.i.embedder.EclipseLogger - skip non existing resourceDirectory /Users/jamietobin/Documents/workspaceWS/WebServices/soap/wsdlfirstws/src/test/resources
2016-06-12 10:29:44,727 [Worker-30] INFO  o.e.m.w.i.f.ResourceFilteringBuildParticipant - Changed resources require a complete clean of filtered resources of wsdlfirstws
2016-06-12 10:29:44,728 [Worker-30] INFO  o.e.m.w.i.f.ResourceFilteringBuildParticipant - Executing resource filtering for wsdlfirstws
2016-06-12 10:29:44,730 [Worker-30] WARN  o.e.m.c.i.embedder.EclipseLogger - Using platform encoding (UTF-8 actually) to copy filtered resources, i.e. build is platform dependent!
2016-06-12 10:29:55,825 [Worker-26] INFO  o.e.m.c.i.p.ProjectConfigurationManager - Update started
2016-06-12 10:29:55,961 [Worker-26] INFO  o.e.m.c.i.l.LifecycleMappingFactory - Using org.maven.ide.eclipse.wtp.WarLifecycleMapping lifecycle mapping for MavenProject: com.bharath.soap.webservices:wsdlfirstws:1.0 @ /Users/jamietobin/Documents/workspaceWS/WebServices/soap/wsdlfirstws/pom.xml.
2016-06-12 10:29:56,353 [Worker-26] INFO  o.e.m.j.i.AbstractJavaProjectConfigurator - Adding source folder /wsdlfirstws/src/main/java
2016-06-12 10:29:56,354 [Worker-26] INFO  o.e.m.j.i.AbstractJavaProjectConfigurator - Adding source folder /wsdlfirstws/src/generated
2016-06-12 10:29:56,354 [Worker-26] INFO  o.e.m.j.i.AbstractJavaProjectConfigurator - Adding source folder /wsdlfirstws/src/test/java
2016-06-12 10:29:56,625 [Worker-26] INFO  o.e.m.w.i.f.ResourceFilteringBuildParticipant - Cleaning filtered folder for wsdlfirstws
2016-06-12 10:29:56,626 [Worker-26] INFO  o.e.m.c.i.p.ProjectConfigurationManager - Update completed: 0 sec
2016-06-12 10:30:49,803 [Worker-26] INFO  o.e.m.c.i.l.LifecycleMappingFactory - Using org.maven.ide.eclipse.wtp.WarLifecycleMapping lifecycle mapping for MavenProject: com.bharath.soap.webservices:wsdlfirstws:1.0 @ /Users/jamietobin/Documents/workspaceWS/WebServices/soap/wsdlfirstws/pom.xml.
2016-06-12 10:30:50,715 [Worker-26] WARN  o.e.m.c.i.embedder.EclipseLogger - Using platform encoding (UTF-8 actually) to copy filtered resources, i.e. build is platform dependent!
2016-06-12 10:30:50,716 [Worker-26] INFO  o.e.m.c.i.embedder.EclipseLogger - skip non existing resourceDirectory /Users/jamietobin/Documents/workspaceWS/WebServices/soap/wsdlfirstws/src/main/resources
2016-06-12 10:30:50,716 [Worker-26] WARN  o.e.m.c.i.embedder.EclipseLogger - Using platform encoding (UTF-8 actually) to copy filtered resources, i.e. build is platform dependent!
2016-06-12 10:30:50,717 [Worker-26] INFO  o.e.m.c.i.embedder.EclipseLogger - skip non existing resourceDirectory /Users/jamietobin/Documents/workspaceWS/WebServices/soap/wsdlfirstws/src/test/resources
2016-06-12 10:30:55,322 [Worker-33] WARN  o.e.m.c.i.embedder.EclipseLogger - Using platform encoding (UTF-8 actually) to copy filtered resources, i.e. build is platform dependent!
2016-06-12 10:30:55,322 [Worker-33] INFO  o.e.m.c.i.embedder.EclipseLogger - skip non existing resourceDirectory /Users/jamietobin/Documents/workspaceWS/WebServices/soap/wsdlfirstws/src/main/resources
2016-06-12 10:30:55,323 [Worker-33] WARN  o.e.m.c.i.embedder.EclipseLogger - Using platform encoding (UTF-8 actually) to copy filtered resources, i.e. build is platform dependent!
2016-06-12 10:30:55,324 [Worker-33] INFO  o.e.m.c.i.embedder.EclipseLogger - skip non existing resourceDirectory /Users/jamietobin/Documents/workspaceWS/WebServices/soap/wsdlfirstws/src/test/resources
2016-06-12 10:31:02,751 [Worker-25] INFO  o.e.m.c.i.p.ProjectConfigurationManager - Update started
2016-06-12 10:31:02,868 [Worker-25] INFO  o.e.m.c.i.l.LifecycleMappingFactory - Using org.maven.ide.eclipse.wtp.WarLifecycleMapping lifecycle mapping for MavenProject: com.bharath.soap.webservices:wsdlfirstws:1.0 @ /Users/jamietobin/Documents/workspaceWS/WebServices/soap/wsdlfirstws/pom.xml.
2016-06-12 10:31:03,212 [Worker-25] INFO  o.e.m.j.i.AbstractJavaProjectConfigurator - Adding source folder /wsdlfirstws/src/main/java
2016-06-12 10:31:03,212 [Worker-25] INFO  o.e.m.j.i.AbstractJavaProjectConfigurator - Adding source folder /wsdlfirstws/src/generated
2016-06-12 10:31:03,213 [Worker-25] INFO  o.e.m.j.i.AbstractJavaProjectConfigurator - Adding source folder /wsdlfirstws/src/test/java
2016-06-12 10:31:03,449 [Worker-25] INFO  o.e.m.w.i.f.ResourceFilteringBuildParticipant - Cleaning filtered folder for wsdlfirstws
2016-06-12 10:31:03,451 [Worker-25] INFO  o.e.m.c.i.p.ProjectConfigurationManager - Update completed: 0 sec
2016-06-12 11:09:41,779 [Start Help Server] INFO  org.eclipse.jetty.util.log - Logging initialized @3729500ms
2016-06-12 11:09:41,906 [Start Help Server] INFO  org.eclipse.jetty.server.Server - jetty-9.2.9.v20150224
2016-06-12 11:09:41,959 [Start Help Server] INFO  o.e.j.server.handler.ContextHandler - Started o.e.j.s.ServletContextHandler@d18155a{/help,null,AVAILABLE}
2016-06-12 11:09:41,970 [Start Help Server] INFO  o.e.jetty.server.ServerConnector - Started ServerConnector@4f76e410{HTTP/1.1}{127.0.0.1:64556}
2016-06-12 11:09:41,973 [Start Help Server] INFO  org.eclipse.jetty.server.Server - Started @3729692ms
2016-06-12 11:25:45,065 [Worker-40] INFO  o.e.m.w.i.f.ResourceFilteringBuildParticipant - Cleaning filtered folder for hellows
2016-06-12 11:25:45,072 [Worker-40] INFO  o.e.m.w.i.f.ResourceFilteringBuildParticipant - Cleaning filtered folder for javafirstws
2016-06-12 11:25:45,288 [Worker-43] ERROR o.e.m.c.i.URLConnectionCaches - Unexpected URLConnection defaultUseCaches enabled
2016-06-12 11:25:45,292 [Worker-43] WARN  o.e.m.c.i.embedder.EclipseLogger - Using platform encoding (UTF-8 actually) to copy filtered resources, i.e. build is platform dependent!
2016-06-12 11:25:45,292 [Worker-43] INFO  o.e.m.c.i.embedder.EclipseLogger - Copying 0 resource
2016-06-12 11:25:45,293 [Worker-43] WARN  o.e.m.c.i.embedder.EclipseLogger - Using platform encoding (UTF-8 actually) to copy filtered resources, i.e. build is platform dependent!
2016-06-12 11:25:45,293 [Worker-43] INFO  o.e.m.c.i.embedder.EclipseLogger - skip non existing resourceDirectory /Users/jamietobin/Documents/workspaceWS/WebServices/soap/hellows/src/test/resources
2016-06-12 11:25:45,293 [Worker-43] INFO  o.e.m.w.i.f.ResourceFilteringBuildParticipant - Changed resources require a complete clean of filtered resources of hellows
2016-06-12 11:25:45,293 [Worker-43] INFO  o.e.m.w.i.f.ResourceFilteringBuildParticipant - Executing resource filtering for hellows
2016-06-12 11:25:45,300 [Worker-43] WARN  o.e.m.c.i.embedder.EclipseLogger - Using platform encoding (UTF-8 actually) to copy filtered resources, i.e. build is platform dependent!
2016-06-12 11:25:45,335 [Worker-43] ERROR o.e.m.c.i.URLConnectionCaches - Unexpected URLConnection defaultUseCaches enabled
2016-06-12 11:25:45,337 [Worker-43] WARN  o.e.m.c.i.embedder.EclipseLogger - Using platform encoding (UTF-8 actually) to copy filtered resources, i.e. build is platform dependent!
2016-06-12 11:25:45,337 [Worker-43] INFO  o.e.m.c.i.embedder.EclipseLogger - skip non existing resourceDirectory /Users/jamietobin/Documents/workspaceWS/WebServices/soap/javafirstws/src/main/resources
2016-06-12 11:25:45,338 [Worker-43] WARN  o.e.m.c.i.embedder.EclipseLogger - Using platform encoding (UTF-8 actually) to copy filtered resources, i.e. build is platform dependent!
2016-06-12 11:25:45,338 [Worker-43] INFO  o.e.m.c.i.embedder.EclipseLogger - skip non existing resourceDirectory /Users/jamietobin/Documents/workspaceWS/WebServices/soap/javafirstws/src/test/resources
2016-06-12 11:25:45,338 [Worker-43] INFO  o.e.m.w.i.f.ResourceFilteringBuildParticipant - Changed resources require a complete clean of filtered resources of javafirstws
2016-06-12 11:25:45,338 [Worker-43] INFO  o.e.m.w.i.f.ResourceFilteringBuildParticipant - Executing resource filtering for javafirstws
2016-06-12 11:25:45,341 [Worker-43] WARN  o.e.m.c.i.embedder.EclipseLogger - Using platform encoding (UTF-8 actually) to copy filtered resources, i.e. build is platform dependent!
2016-06-12 11:25:45,398 [Worker-43] ERROR o.e.m.c.i.URLConnectionCaches - Unexpected URLConnection defaultUseCaches enabled
2016-06-12 11:25:45,405 [Worker-43] INFO  o.e.m.c.i.embedder.EclipseLogger - Generated sources are up-to-date; XJC execution will be skipped.
2016-06-12 11:25:45,406 [Worker-43] INFO  o.e.m.c.i.embedder.EclipseLogger - Using 'UTF-8' encoding to copy filtered resources.
2016-06-12 11:25:45,406 [Worker-43] INFO  o.e.m.c.i.embedder.EclipseLogger - skip non existing resourceDirectory /Users/jamietobin/Documents/workspaceWS/WebServices/soap/jaxb-xjc/src/main/resources
2016-06-12 11:25:45,406 [Worker-43] INFO  o.e.m.c.i.embedder.EclipseLogger - Copying 1 resource
2016-06-12 11:25:45,409 [Worker-43] INFO  o.e.m.c.i.embedder.EclipseLogger - Using 'UTF-8' encoding to copy filtered resources.
2016-06-12 11:25:45,409 [Worker-43] INFO  o.e.m.c.i.embedder.EclipseLogger - skip non existing resourceDirectory /Users/jamietobin/Documents/workspaceWS/WebServices/soap/jaxb-xjc/src/test/resources
2016-06-12 11:25:45,470 [Worker-43] ERROR o.e.m.c.i.URLConnectionCaches - Unexpected URLConnection defaultUseCaches enabled
2016-06-12 11:25:46,302 [Worker-43] WARN  o.e.m.c.i.embedder.EclipseLogger - Using platform encoding (UTF-8 actually) to copy filtered resources, i.e. build is platform dependent!
2016-06-12 11:25:46,303 [Worker-43] INFO  o.e.m.c.i.embedder.EclipseLogger - skip non existing resourceDirectory /Users/jamietobin/Documents/workspaceWS/WebServices/soap/wsdlfirstws/src/main/resources
2016-06-12 11:25:46,303 [Worker-43] WARN  o.e.m.c.i.embedder.EclipseLogger - Using platform encoding (UTF-8 actually) to copy filtered resources, i.e. build is platform dependent!
2016-06-12 11:25:46,304 [Worker-43] INFO  o.e.m.c.i.embedder.EclipseLogger - skip non existing resourceDirectory /Users/jamietobin/Documents/workspaceWS/WebServices/soap/wsdlfirstws/src/test/resources
2016-06-12 11:25:46,305 [Worker-43] INFO  o.e.m.w.i.f.ResourceFilteringBuildParticipant - Changed resources require a complete clean of filtered resources of wsdlfirstws
2016-06-12 11:25:46,305 [Worker-43] INFO  o.e.m.w.i.f.ResourceFilteringBuildParticipant - Executing resource filtering for wsdlfirstws
2016-06-12 11:25:46,309 [Worker-43] WARN  o.e.m.c.i.embedder.EclipseLogger - Using platform encoding (UTF-8 actually) to copy filtered resources, i.e. build is platform dependent!
2016-06-12 17:01:38,118 [Worker-126] INFO  o.e.m.c.i.e.AbstractTransferListenerAdapter - Downloading http://localhost:8081/artifactory/libs-release/org/apache/cxf/cxf-rt-frontend-jaxws/3.0.2/cxf-rt-frontend-jaxws-3.0.2-javadoc.jar
2016-06-12 17:01:38,159 [Worker-126] INFO  o.e.m.c.i.e.AbstractTransferListenerAdapter - Downloaded http://localhost:8081/artifactory/libs-release/org/apache/cxf/cxf-rt-frontend-jaxws/3.0.2/cxf-rt-frontend-jaxws-3.0.2-javadoc.jar
2016-06-12 17:01:38,177 [Worker-126] INFO  o.e.m.j.internal.DownloadSourcesJob - Downloaded javadoc for org.apache.cxf:cxf-rt-frontend-jaxws:3.0.2
2016-06-12 17:01:41,490 [Worker-126] INFO  o.e.m.c.i.e.AbstractTransferListenerAdapter - Downloading http://localhost:8081/artifactory/libs-release/org/apache/cxf/cxf-core/3.0.2/cxf-core-3.0.2-javadoc.jar
2016-06-12 17:01:41,565 [Worker-126] INFO  o.e.m.c.i.e.AbstractTransferListenerAdapter - Downloaded http://localhost:8081/artifactory/libs-release/org/apache/cxf/cxf-core/3.0.2/cxf-core-3.0.2-javadoc.jar
2016-06-12 17:01:41,573 [Worker-126] INFO  o.e.m.j.internal.DownloadSourcesJob - Downloaded javadoc for org.apache.cxf:cxf-core:3.0.2
2016-06-12 17:01:41,575 [Worker-126] INFO  o.e.m.j.internal.DownloadSourcesJob - Downloaded javadoc for org.codehaus.woodstox:woodstox-core-asl:4.4.1
2016-06-12 17:01:41,577 [Worker-126] INFO  o.e.m.j.internal.DownloadSourcesJob - Downloaded javadoc for org.codehaus.woodstox:stax2-api:3.1.4
2016-06-12 17:01:41,578 [Worker-126] INFO  o.e.m.j.internal.DownloadSourcesJob - Downloaded javadoc for org.apache.ws.xmlschema:xmlschema-core:2.1.0
2016-06-12 17:01:43,057 [Worker-126] INFO  o.e.m.c.i.e.AbstractTransferListenerAdapter - Downloading http://localhost:8081/artifactory/libs-release/org/apache/cxf/cxf-rt-bindings-soap/3.0.2/cxf-rt-bindings-soap-3.0.2-javadoc.jar
2016-06-12 17:01:43,073 [Worker-126] INFO  o.e.m.c.i.e.AbstractTransferListenerAdapter - Downloaded http://localhost:8081/artifactory/libs-release/org/apache/cxf/cxf-rt-bindings-soap/3.0.2/cxf-rt-bindings-soap-3.0.2-javadoc.jar
2016-06-12 17:01:43,081 [Worker-126] INFO  o.e.m.j.internal.DownloadSourcesJob - Downloaded javadoc for org.apache.cxf:cxf-rt-bindings-soap:3.0.2
2016-06-12 17:01:44,075 [Worker-126] INFO  o.e.m.c.i.e.AbstractTransferListenerAdapter - Downloading http://localhost:8081/artifactory/libs-release/org/apache/cxf/cxf-rt-wsdl/3.0.2/cxf-rt-wsdl-3.0.2-javadoc.jar
2016-06-12 17:01:44,090 [Worker-126] INFO  o.e.m.c.i.e.AbstractTransferListenerAdapter - Downloaded http://localhost:8081/artifactory/libs-release/org/apache/cxf/cxf-rt-wsdl/3.0.2/cxf-rt-wsdl-3.0.2-javadoc.jar
2016-06-12 17:01:44,098 [Worker-126] INFO  o.e.m.j.internal.DownloadSourcesJob - Downloaded javadoc for org.apache.cxf:cxf-rt-wsdl:3.0.2
2016-06-12 17:01:45,555 [Worker-126] INFO  o.e.m.c.i.e.AbstractTransferListenerAdapter - Downloading http://localhost:8081/artifactory/libs-release/wsdl4j/wsdl4j/1.6.3/wsdl4j-1.6.3-javadoc.jar
2016-06-12 17:01:45,578 [Worker-126] INFO  o.e.m.c.i.e.AbstractTransferListenerAdapter - Downloaded http://localhost:8081/artifactory/libs-release/wsdl4j/wsdl4j/1.6.3/wsdl4j-1.6.3-javadoc.jar
2016-06-12 17:01:45,593 [Worker-126] INFO  o.e.m.j.internal.DownloadSourcesJob - Downloaded javadoc for wsdl4j:wsdl4j:1.6.3
2016-06-12 17:01:45,893 [Worker-126] INFO  o.e.m.c.i.e.AbstractTransferListenerAdapter - Downloading http://localhost:8081/artifactory/libs-release/org/apache/cxf/cxf-rt-databinding-jaxb/3.0.2/cxf-rt-databinding-jaxb-3.0.2-javadoc.jar
2016-06-12 17:01:45,903 [Worker-126] INFO  o.e.m.c.i.e.AbstractTransferListenerAdapter - Downloaded http://localhost:8081/artifactory/libs-release/org/apache/cxf/cxf-rt-databinding-jaxb/3.0.2/cxf-rt-databinding-jaxb-3.0.2-javadoc.jar
2016-06-12 17:01:45,919 [Worker-126] INFO  o.e.m.j.internal.DownloadSourcesJob - Downloaded javadoc for org.apache.cxf:cxf-rt-databinding-jaxb:3.0.2
2016-06-12 17:01:45,921 [Worker-126] INFO  o.e.m.j.internal.DownloadSourcesJob - Downloaded javadoc for com.sun.xml.bind:jaxb-impl:2.2.10-b140310.1920
2016-06-12 17:01:45,922 [Worker-126] INFO  o.e.m.j.internal.DownloadSourcesJob - Downloaded javadoc for com.sun.xml.bind:jaxb-core:2.2.10-b140310.1920
2016-06-12 17:01:46,188 [Worker-126] INFO  o.e.m.c.i.e.AbstractTransferListenerAdapter - Downloading http://localhost:8081/artifactory/libs-release/org/apache/cxf/cxf-rt-bindings-xml/3.0.2/cxf-rt-bindings-xml-3.0.2-javadoc.jar
2016-06-12 17:01:46,200 [Worker-126] INFO  o.e.m.c.i.e.AbstractTransferListenerAdapter - Downloaded http://localhost:8081/artifactory/libs-release/org/apache/cxf/cxf-rt-bindings-xml/3.0.2/cxf-rt-bindings-xml-3.0.2-javadoc.jar
2016-06-12 17:01:46,207 [Worker-126] INFO  o.e.m.j.internal.DownloadSourcesJob - Downloaded javadoc for org.apache.cxf:cxf-rt-bindings-xml:3.0.2
2016-06-12 17:01:46,627 [Worker-126] INFO  o.e.m.c.i.e.AbstractTransferListenerAdapter - Downloading http://localhost:8081/artifactory/libs-release/org/apache/cxf/cxf-rt-frontend-simple/3.0.2/cxf-rt-frontend-simple-3.0.2-javadoc.jar
2016-06-12 17:01:46,641 [Worker-126] INFO  o.e.m.c.i.e.AbstractTransferListenerAdapter - Downloaded http://localhost:8081/artifactory/libs-release/org/apache/cxf/cxf-rt-frontend-simple/3.0.2/cxf-rt-frontend-simple-3.0.2-javadoc.jar
2016-06-12 17:01:46,647 [Worker-126] INFO  o.e.m.j.internal.DownloadSourcesJob - Downloaded javadoc for org.apache.cxf:cxf-rt-frontend-simple:3.0.2
2016-06-12 17:01:48,053 [Worker-126] INFO  o.e.m.c.i.e.AbstractTransferListenerAdapter - Downloading http://localhost:8081/artifactory/libs-release/org/apache/cxf/cxf-rt-ws-addr/3.0.2/cxf-rt-ws-addr-3.0.2-javadoc.jar
2016-06-12 17:01:48,064 [Worker-126] INFO  o.e.m.c.i.e.AbstractTransferListenerAdapter - Downloaded http://localhost:8081/artifactory/libs-release/org/apache/cxf/cxf-rt-ws-addr/3.0.2/cxf-rt-ws-addr-3.0.2-javadoc.jar
2016-06-12 17:01:48,070 [Worker-126] INFO  o.e.m.j.internal.DownloadSourcesJob - Downloaded javadoc for org.apache.cxf:cxf-rt-ws-addr:3.0.2
2016-06-12 17:01:49,995 [Worker-126] INFO  o.e.m.c.i.e.AbstractTransferListenerAdapter - Downloading http://localhost:8081/artifactory/libs-release/org/apache/cxf/cxf-rt-ws-policy/3.0.2/cxf-rt-ws-policy-3.0.2-javadoc.jar
2016-06-12 17:01:50,011 [Worker-126] INFO  o.e.m.c.i.e.AbstractTransferListenerAdapter - Downloaded http://localhost:8081/artifactory/libs-release/org/apache/cxf/cxf-rt-ws-policy/3.0.2/cxf-rt-ws-policy-3.0.2-javadoc.jar
2016-06-12 17:01:50,018 [Worker-126] INFO  o.e.m.j.internal.DownloadSourcesJob - Downloaded javadoc for org.apache.cxf:cxf-rt-ws-policy:3.0.2
2016-06-12 17:01:50,913 [Worker-126] INFO  o.e.m.c.i.e.AbstractTransferListenerAdapter - Downloading http://localhost:8081/artifactory/libs-release/org/apache/cxf/cxf-rt-transports-http/3.0.2/cxf-rt-transports-http-3.0.2-javadoc.jar
2016-06-12 17:01:50,930 [Worker-126] INFO  o.e.m.c.i.e.AbstractTransferListenerAdapter - Downloaded http://localhost:8081/artifactory/libs-release/org/apache/cxf/cxf-rt-transports-http/3.0.2/cxf-rt-transports-http-3.0.2-javadoc.jar
2016-06-12 17:01:50,937 [Worker-126] INFO  o.e.m.j.internal.DownloadSourcesJob - Downloaded javadoc for org.apache.cxf:cxf-rt-transports-http:3.0.2
2016-06-12 17:01:52,329 [Worker-126] INFO  o.e.m.c.i.e.AbstractTransferListenerAdapter - Downloading http://localhost:8081/artifactory/libs-release/org/apache/cxf/cxf-rt-transports-http-jetty/3.0.2/cxf-rt-transports-http-jetty-3.0.2-javadoc.jar
2016-06-12 17:01:52,341 [Worker-126] INFO  o.e.m.c.i.e.AbstractTransferListenerAdapter - Downloaded http://localhost:8081/artifactory/libs-release/org/apache/cxf/cxf-rt-transports-http-jetty/3.0.2/cxf-rt-transports-http-jetty-3.0.2-javadoc.jar
2016-06-12 17:01:52,348 [Worker-126] INFO  o.e.m.j.internal.DownloadSourcesJob - Downloaded javadoc for org.apache.cxf:cxf-rt-transports-http-jetty:3.0.2
2016-06-12 17:01:53,820 [Worker-126] INFO  o.e.m.c.i.e.AbstractTransferListenerAdapter - Downloading http://localhost:8081/artifactory/libs-release/org/eclipse/jetty/jetty-server/8.1.15.v20140411/jetty-server-8.1.15.v20140411-javadoc.jar
2016-06-12 17:01:53,841 [Worker-126] INFO  o.e.m.c.i.e.AbstractTransferListenerAdapter - Downloaded http://localhost:8081/artifactory/libs-release/org/eclipse/jetty/jetty-server/8.1.15.v20140411/jetty-server-8.1.15.v20140411-javadoc.jar
2016-06-12 17:01:53,847 [Worker-126] INFO  o.e.m.j.internal.DownloadSourcesJob - Downloaded javadoc for org.eclipse.jetty:jetty-server:8.1.15.v20140411
2016-06-12 17:01:54,261 [Worker-126] INFO  o.e.m.c.i.e.AbstractTransferListenerAdapter - Downloading http://localhost:8081/artifactory/libs-release/org/eclipse/jetty/jetty-continuation/8.1.15.v20140411/jetty-continuation-8.1.15.v20140411-javadoc.jar
2016-06-12 17:01:54,270 [Worker-126] INFO  o.e.m.c.i.e.AbstractTransferListenerAdapter - Downloaded http://localhost:8081/artifactory/libs-release/org/eclipse/jetty/jetty-continuation/8.1.15.v20140411/jetty-continuation-8.1.15.v20140411-javadoc.jar
2016-06-12 17:01:54,278 [Worker-126] INFO  o.e.m.j.internal.DownloadSourcesJob - Downloaded javadoc for org.eclipse.jetty:jetty-continuation:8.1.15.v20140411
2016-06-12 17:01:55,219 [Worker-126] INFO  o.e.m.c.i.e.AbstractTransferListenerAdapter - Downloading http://localhost:8081/artifactory/libs-release/org/eclipse/jetty/jetty-http/8.1.15.v20140411/jetty-http-8.1.15.v20140411-javadoc.jar
2016-06-12 17:01:55,230 [Worker-126] INFO  o.e.m.c.i.e.AbstractTransferListenerAdapter - Downloaded http://localhost:8081/artifactory/libs-release/org/eclipse/jetty/jetty-http/8.1.15.v20140411/jetty-http-8.1.15.v20140411-javadoc.jar
2016-06-12 17:01:55,240 [Worker-126] INFO  o.e.m.j.internal.DownloadSourcesJob - Downloaded javadoc for org.eclipse.jetty:jetty-http:8.1.15.v20140411
2016-06-12 17:01:55,942 [Worker-126] INFO  o.e.m.c.i.e.AbstractTransferListenerAdapter - Downloading http://localhost:8081/artifactory/libs-release/org/eclipse/jetty/jetty-io/8.1.15.v20140411/jetty-io-8.1.15.v20140411-javadoc.jar
2016-06-12 17:01:55,955 [Worker-126] INFO  o.e.m.c.i.e.AbstractTransferListenerAdapter - Downloaded http://localhost:8081/artifactory/libs-release/org/eclipse/jetty/jetty-io/8.1.15.v20140411/jetty-io-8.1.15.v20140411-javadoc.jar
2016-06-12 17:01:55,961 [Worker-126] INFO  o.e.m.j.internal.DownloadSourcesJob - Downloaded javadoc for org.eclipse.jetty:jetty-io:8.1.15.v20140411
2016-06-12 17:01:57,221 [Worker-126] INFO  o.e.m.c.i.e.AbstractTransferListenerAdapter - Downloading http://localhost:8081/artifactory/libs-release/org/eclipse/jetty/jetty-util/8.1.15.v20140411/jetty-util-8.1.15.v20140411-javadoc.jar
2016-06-12 17:01:57,240 [Worker-126] INFO  o.e.m.c.i.e.AbstractTransferListenerAdapter - Downloaded http://localhost:8081/artifactory/libs-release/org/eclipse/jetty/jetty-util/8.1.15.v20140411/jetty-util-8.1.15.v20140411-javadoc.jar
2016-06-12 17:01:57,245 [Worker-126] INFO  o.e.m.j.internal.DownloadSourcesJob - Downloaded javadoc for org.eclipse.jetty:jetty-util:8.1.15.v20140411
2016-06-12 17:01:58,055 [Worker-126] INFO  o.e.m.c.i.e.AbstractTransferListenerAdapter - Downloading http://localhost:8081/artifactory/libs-release/org/eclipse/jetty/jetty-security/8.1.15.v20140411/jetty-security-8.1.15.v20140411-javadoc.jar
2016-06-12 17:01:58,068 [Worker-126] INFO  o.e.m.c.i.e.AbstractTransferListenerAdapter - Downloaded http://localhost:8081/artifactory/libs-release/org/eclipse/jetty/jetty-security/8.1.15.v20140411/jetty-security-8.1.15.v20140411-javadoc.jar
2016-06-12 17:01:58,075 [Worker-126] INFO  o.e.m.j.internal.DownloadSourcesJob - Downloaded javadoc for org.eclipse.jetty:jetty-security:8.1.15.v20140411
2016-06-12 17:01:58,529 [Worker-126] INFO  o.e.m.c.i.e.AbstractTransferListenerAdapter - Downloading http://localhost:8081/artifactory/libs-release/org/slf4j/slf4j-api/1.7.7/slf4j-api-1.7.7-javadoc.jar
2016-06-12 17:01:58,540 [Worker-126] INFO  o.e.m.c.i.e.AbstractTransferListenerAdapter - Downloaded http://localhost:8081/artifactory/libs-release/org/slf4j/slf4j-api/1.7.7/slf4j-api-1.7.7-javadoc.jar
2016-06-12 17:01:58,547 [Worker-126] INFO  o.e.m.j.internal.DownloadSourcesJob - Downloaded javadoc for org.slf4j:slf4j-api:1.7.7
2016-06-12 17:01:59,708 [Worker-126] INFO  o.e.m.c.i.e.AbstractTransferListenerAdapter - Downloading http://localhost:8081/artifactory/libs-release/org/apache/geronimo/specs/geronimo-servlet_3.0_spec/1.0/geronimo-servlet_3.0_spec-1.0-javadoc.jar
2016-06-12 17:01:59,726 [Worker-126] INFO  o.e.m.c.i.e.AbstractTransferListenerAdapter - Downloaded http://localhost:8081/artifactory/libs-release/org/apache/geronimo/specs/geronimo-servlet_3.0_spec/1.0/geronimo-servlet_3.0_spec-1.0-javadoc.jar
2016-06-12 17:01:59,733 [Worker-126] INFO  o.e.m.j.internal.DownloadSourcesJob - Downloaded javadoc for org.apache.geronimo.specs:geronimo-servlet_3.0_spec:1.0
2016-06-12 17:02:03,463 [Worker-126] INFO  o.e.m.c.i.e.AbstractTransferListenerAdapter - Downloading http://localhost:8081/artifactory/libs-release/org/springframework/spring-core/3.2.0.RELEASE/spring-core-3.2.0.RELEASE-javadoc.jar
2016-06-12 17:02:03,490 [Worker-126] INFO  o.e.m.c.i.e.AbstractTransferListenerAdapter - Downloaded http://localhost:8081/artifactory/libs-release/org/springframework/spring-core/3.2.0.RELEASE/spring-core-3.2.0.RELEASE-javadoc.jar
2016-06-12 17:02:03,498 [Worker-126] INFO  o.e.m.j.internal.DownloadSourcesJob - Downloaded javadoc for org.springframework:spring-core:3.2.0.RELEASE
2016-06-12 17:02:03,500 [Worker-126] INFO  o.e.m.j.internal.DownloadSourcesJob - Downloaded javadoc for commons-logging:commons-logging:1.1.1
2016-06-12 17:02:07,533 [Worker-126] INFO  o.e.m.c.i.e.AbstractTransferListenerAdapter - Downloading http://localhost:8081/artifactory/libs-release/org/springframework/spring-context/3.2.0.RELEASE/spring-context-3.2.0.RELEASE-javadoc.jar
2016-06-12 17:02:07,574 [Worker-126] INFO  o.e.m.c.i.e.AbstractTransferListenerAdapter - Downloaded http://localhost:8081/artifactory/libs-release/org/springframework/spring-context/3.2.0.RELEASE/spring-context-3.2.0.RELEASE-javadoc.jar
2016-06-12 17:02:07,581 [Worker-126] INFO  o.e.m.j.internal.DownloadSourcesJob - Downloaded javadoc for org.springframework:spring-context:3.2.0.RELEASE
2016-06-12 17:02:09,184 [Worker-126] INFO  o.e.m.c.i.e.AbstractTransferListenerAdapter - Downloading http://localhost:8081/artifactory/libs-release/org/springframework/spring-aop/3.2.0.RELEASE/spring-aop-3.2.0.RELEASE-javadoc.jar
2016-06-12 17:02:09,203 [Worker-126] INFO  o.e.m.c.i.e.AbstractTransferListenerAdapter - Downloaded http://localhost:8081/artifactory/libs-release/org/springframework/spring-aop/3.2.0.RELEASE/spring-aop-3.2.0.RELEASE-javadoc.jar
2016-06-12 17:02:09,212 [Worker-126] INFO  o.e.m.j.internal.DownloadSourcesJob - Downloaded javadoc for org.springframework:spring-aop:3.2.0.RELEASE
2016-06-12 17:02:11,112 [Worker-126] INFO  o.e.m.c.i.e.AbstractTransferListenerAdapter - Downloading http://localhost:8081/artifactory/libs-release/org/springframework/spring-expression/3.2.0.RELEASE/spring-expression-3.2.0.RELEASE-javadoc.jar
2016-06-12 17:02:11,126 [Worker-126] INFO  o.e.m.c.i.e.AbstractTransferListenerAdapter - Downloaded http://localhost:8081/artifactory/libs-release/org/springframework/spring-expression/3.2.0.RELEASE/spring-expression-3.2.0.RELEASE-javadoc.jar
2016-06-12 17:02:11,140 [Worker-126] INFO  o.e.m.j.internal.DownloadSourcesJob - Downloaded javadoc for org.springframework:spring-expression:3.2.0.RELEASE
2016-06-12 17:02:14,551 [Worker-126] INFO  o.e.m.c.i.e.AbstractTransferListenerAdapter - Downloading http://localhost:8081/artifactory/libs-release/org/springframework/spring-beans/3.2.0.RELEASE/spring-beans-3.2.0.RELEASE-javadoc.jar
2016-06-12 17:02:14,578 [Worker-126] INFO  o.e.m.c.i.e.AbstractTransferListenerAdapter - Downloaded http://localhost:8081/artifactory/libs-release/org/springframework/spring-beans/3.2.0.RELEASE/spring-beans-3.2.0.RELEASE-javadoc.jar
2016-06-12 17:02:14,585 [Worker-126] INFO  o.e.m.j.internal.DownloadSourcesJob - Downloaded javadoc for org.springframework:spring-beans:3.2.0.RELEASE
2016-06-12 17:02:16,437 [Worker-126] INFO  o.e.m.c.i.e.AbstractTransferListenerAdapter - Downloading http://localhost:8081/artifactory/libs-release/org/springframework/spring-tx/3.2.0.RELEASE/spring-tx-3.2.0.RELEASE-javadoc.jar
2016-06-12 17:02:16,456 [Worker-126] INFO  o.e.m.c.i.e.AbstractTransferListenerAdapter - Downloaded http://localhost:8081/artifactory/libs-release/org/springframework/spring-tx/3.2.0.RELEASE/spring-tx-3.2.0.RELEASE-javadoc.jar
2016-06-12 17:02:16,461 [Worker-126] INFO  o.e.m.j.internal.DownloadSourcesJob - Downloaded javadoc for org.springframework:spring-tx:3.2.0.RELEASE
2016-06-12 17:02:17,717 [Worker-126] INFO  o.e.m.c.i.e.AbstractTransferListenerAdapter - Downloading http://localhost:8081/artifactory/libs-release/org/springframework/spring-orm/3.2.0.RELEASE/spring-orm-3.2.0.RELEASE-javadoc.jar
2016-06-12 17:02:17,734 [Worker-126] INFO  o.e.m.c.i.e.AbstractTransferListenerAdapter - Downloaded http://localhost:8081/artifactory/libs-release/org/springframework/spring-orm/3.2.0.RELEASE/spring-orm-3.2.0.RELEASE-javadoc.jar
2016-06-12 17:02:17,741 [Worker-126] INFO  o.e.m.j.internal.DownloadSourcesJob - Downloaded javadoc for org.springframework:spring-orm:3.2.0.RELEASE
2016-06-12 17:02:19,642 [Worker-126] INFO  o.e.m.c.i.e.AbstractTransferListenerAdapter - Downloading http://localhost:8081/artifactory/libs-release/org/springframework/spring-jdbc/3.2.0.RELEASE/spring-jdbc-3.2.0.RELEASE-javadoc.jar
2016-06-12 17:02:19,669 [Worker-126] INFO  o.e.m.c.i.e.AbstractTransferListenerAdapter - Downloaded http://localhost:8081/artifactory/libs-release/org/springframework/spring-jdbc/3.2.0.RELEASE/spring-jdbc-3.2.0.RELEASE-javadoc.jar
2016-06-12 17:02:19,676 [Worker-126] INFO  o.e.m.j.internal.DownloadSourcesJob - Downloaded javadoc for org.springframework:spring-jdbc:3.2.0.RELEASE
2016-06-12 17:02:22,822 [Worker-126] INFO  o.e.m.c.i.e.AbstractTransferListenerAdapter - Downloading http://localhost:8081/artifactory/libs-release/org/springframework/spring-web/3.2.0.RELEASE/spring-web-3.2.0.RELEASE-javadoc.jar
2016-06-12 17:02:22,853 [Worker-126] INFO  o.e.m.c.i.e.AbstractTransferListenerAdapter - Downloaded http://localhost:8081/artifactory/libs-release/org/springframework/spring-web/3.2.0.RELEASE/spring-web-3.2.0.RELEASE-javadoc.jar
2016-06-12 17:02:22,859 [Worker-126] INFO  o.e.m.j.internal.DownloadSourcesJob - Downloaded javadoc for org.springframework:spring-web:3.2.0.RELEASE
2016-06-12 17:02:25,658 [Worker-126] INFO  o.e.m.c.i.e.AbstractTransferListenerAdapter - Downloading http://localhost:8081/artifactory/libs-release/org/springframework/spring-webmvc/3.2.0.RELEASE/spring-webmvc-3.2.0.RELEASE-javadoc.jar
2016-06-12 17:02:25,688 [Worker-126] INFO  o.e.m.c.i.e.AbstractTransferListenerAdapter - Downloaded http://localhost:8081/artifactory/libs-release/org/springframework/spring-webmvc/3.2.0.RELEASE/spring-webmvc-3.2.0.RELEASE-javadoc.jar
2016-06-12 17:02:25,693 [Worker-126] INFO  o.e.m.j.internal.DownloadSourcesJob - Downloaded javadoc for org.springframework:spring-webmvc:3.2.0.RELEASE
2016-06-12 17:02:29,550 [Worker-126] INFO  o.e.m.c.i.e.AbstractTransferListenerAdapter - Downloading http://localhost:8081/artifactory/libs-release/org/apache/cxf/cxf-rt-ws-security/3.0.2/cxf-rt-ws-security-3.0.2-javadoc.jar
2016-06-12 17:02:29,574 [Worker-126] INFO  o.e.m.c.i.e.AbstractTransferListenerAdapter - Downloaded http://localhost:8081/artifactory/libs-release/org/apache/cxf/cxf-rt-ws-security/3.0.2/cxf-rt-ws-security-3.0.2-javadoc.jar
2016-06-12 17:02:29,581 [Worker-126] INFO  o.e.m.j.internal.DownloadSourcesJob - Downloaded javadoc for org.apache.cxf:cxf-rt-ws-security:3.0.2
2016-06-12 17:02:32,119 [Worker-126] INFO  o.e.m.c.i.e.AbstractTransferListenerAdapter - Downloading http://localhost:8081/artifactory/libs-release/org/apache/cxf/cxf-rt-security/3.0.2/cxf-rt-security-3.0.2-javadoc.jar
2016-06-12 17:02:32,125 [Worker-126] INFO  o.e.m.c.i.e.AbstractTransferListenerAdapter - Downloaded http://localhost:8081/artifactory/libs-release/org/apache/cxf/cxf-rt-security/3.0.2/cxf-rt-security-3.0.2-javadoc.jar
2016-06-12 17:02:32,132 [Worker-126] INFO  o.e.m.j.internal.DownloadSourcesJob - Downloaded javadoc for org.apache.cxf:cxf-rt-security:3.0.2
2016-06-12 17:02:33,486 [Worker-126] INFO  o.e.m.c.i.e.AbstractTransferListenerAdapter - Downloading http://localhost:8081/artifactory/libs-release/org/apache/wss4j/wss4j-ws-security-common/2.0.2/wss4j-ws-security-common-2.0.2-javadoc.jar
2016-06-12 17:02:33,503 [Worker-126] INFO  o.e.m.c.i.e.AbstractTransferListenerAdapter - Downloaded http://localhost:8081/artifactory/libs-release/org/apache/wss4j/wss4j-ws-security-common/2.0.2/wss4j-ws-security-common-2.0.2-javadoc.jar
2016-06-12 17:02:33,515 [Worker-126] INFO  o.e.m.j.internal.DownloadSourcesJob - Downloaded javadoc for org.apache.wss4j:wss4j-ws-security-common:2.0.2
2016-06-12 17:02:36,768 [Worker-126] INFO  o.e.m.c.i.e.AbstractTransferListenerAdapter - Downloading http://localhost:8081/artifactory/libs-release/org/apache/santuario/xmlsec/2.0.2/xmlsec-2.0.2-javadoc.jar
2016-06-12 17:02:36,813 [Worker-126] INFO  o.e.m.c.i.e.AbstractTransferListenerAdapter - Downloaded http://localhost:8081/artifactory/libs-release/org/apache/santuario/xmlsec/2.0.2/xmlsec-2.0.2-javadoc.jar
2016-06-12 17:02:36,819 [Worker-126] INFO  o.e.m.j.internal.DownloadSourcesJob - Downloaded javadoc for org.apache.santuario:xmlsec:2.0.2
2016-06-12 17:02:47,983 [Worker-126] INFO  o.e.m.c.i.e.AbstractTransferListenerAdapter - Downloading http://localhost:8081/artifactory/libs-release/org/opensaml/opensaml/2.6.1/opensaml-2.6.1-javadoc.jar
2016-06-12 17:02:48,118 [Worker-126] INFO  o.e.m.c.i.e.AbstractTransferListenerAdapter - Downloaded http://localhost:8081/artifactory/libs-release/org/opensaml/opensaml/2.6.1/opensaml-2.6.1-javadoc.jar
2016-06-12 17:02:48,125 [Worker-126] INFO  o.e.m.j.internal.DownloadSourcesJob - Downloaded javadoc for org.opensaml:opensaml:2.6.1
2016-06-12 17:02:55,300 [Worker-126] INFO  o.e.m.c.i.e.AbstractTransferListenerAdapter - Downloading http://localhost:8081/artifactory/libs-release/org/opensaml/openws/1.5.1/openws-1.5.1-javadoc.jar
2016-06-12 17:02:55,359 [Worker-126] INFO  o.e.m.c.i.e.AbstractTransferListenerAdapter - Downloaded http://localhost:8081/artifactory/libs-release/org/opensaml/openws/1.5.1/openws-1.5.1-javadoc.jar
2016-06-12 17:02:55,366 [Worker-126] INFO  o.e.m.j.internal.DownloadSourcesJob - Downloaded javadoc for org.opensaml:openws:1.5.1
2016-06-12 17:02:58,019 [Worker-126] INFO  o.e.m.c.i.e.AbstractTransferListenerAdapter - Downloading http://localhost:8081/artifactory/libs-release/org/opensaml/xmltooling/1.4.1/xmltooling-1.4.1-javadoc.jar
2016-06-12 17:02:58,068 [Worker-126] INFO  o.e.m.c.i.e.AbstractTransferListenerAdapter - Downloaded http://localhost:8081/artifactory/libs-release/org/opensaml/xmltooling/1.4.1/xmltooling-1.4.1-javadoc.jar
2016-06-12 17:02:58,074 [Worker-126] INFO  o.e.m.j.internal.DownloadSourcesJob - Downloaded javadoc for org.opensaml:xmltooling:1.4.1
2016-06-12 17:02:59,922 [Worker-126] INFO  o.e.m.c.i.e.AbstractTransferListenerAdapter - Downloading http://localhost:8081/artifactory/libs-release/joda-time/joda-time/2.2/joda-time-2.2-javadoc.jar
2016-06-12 17:02:59,961 [Worker-126] INFO  o.e.m.c.i.e.AbstractTransferListenerAdapter - Downloaded http://localhost:8081/artifactory/libs-release/joda-time/joda-time/2.2/joda-time-2.2-javadoc.jar
2016-06-12 17:02:59,971 [Worker-126] INFO  o.e.m.j.internal.DownloadSourcesJob - Downloaded javadoc for joda-time:joda-time:2.2
2016-06-12 17:03:00,795 [Worker-126] INFO  o.e.m.c.i.e.AbstractTransferListenerAdapter - Downloading http://localhost:8081/artifactory/libs-release/org/jasypt/jasypt/1.9.2/jasypt-1.9.2-javadoc.jar
2016-06-12 17:03:00,809 [Worker-126] INFO  o.e.m.c.i.e.AbstractTransferListenerAdapter - Downloaded http://localhost:8081/artifactory/libs-release/org/jasypt/jasypt/1.9.2/jasypt-1.9.2-javadoc.jar
2016-06-12 17:03:00,817 [Worker-126] INFO  o.e.m.j.internal.DownloadSourcesJob - Downloaded javadoc for org.jasypt:jasypt:1.9.2
2016-06-12 17:03:00,818 [Worker-126] INFO  o.e.m.j.internal.DownloadSourcesJob - Downloaded javadoc for org.apache.geronimo.specs:geronimo-javamail_1.4_spec:1.7.1
2016-06-12 17:03:08,579 [Worker-126] INFO  o.e.m.c.i.e.AbstractTransferListenerAdapter - Downloading http://localhost:8081/artifactory/libs-release/net/sf/ehcache/ehcache/2.8.3/ehcache-2.8.3-javadoc.jar
2016-06-12 17:03:08,639 [Worker-126] INFO  o.e.m.c.i.e.AbstractTransferListenerAdapter - Downloaded http://localhost:8081/artifactory/libs-release/net/sf/ehcache/ehcache/2.8.3/ehcache-2.8.3-javadoc.jar
2016-06-12 17:03:08,656 [Worker-126] INFO  o.e.m.j.internal.DownloadSourcesJob - Downloaded javadoc for net.sf.ehcache:ehcache:2.8.3
2016-06-12 17:03:09,706 [Worker-126] INFO  o.e.m.c.i.e.AbstractTransferListenerAdapter - Downloading http://localhost:8081/artifactory/libs-release/org/apache/wss4j/wss4j-ws-security-dom/2.0.2/wss4j-ws-security-dom-2.0.2-javadoc.jar
2016-06-12 17:03:09,722 [Worker-126] INFO  o.e.m.c.i.e.AbstractTransferListenerAdapter - Downloaded http://localhost:8081/artifactory/libs-release/org/apache/wss4j/wss4j-ws-security-dom/2.0.2/wss4j-ws-security-dom-2.0.2-javadoc.jar
2016-06-12 17:03:09,727 [Worker-126] INFO  o.e.m.j.internal.DownloadSourcesJob - Downloaded javadoc for org.apache.wss4j:wss4j-ws-security-dom:2.0.2
2016-06-12 17:03:10,896 [Worker-126] INFO  o.e.m.c.i.e.AbstractTransferListenerAdapter - Downloading http://localhost:8081/artifactory/libs-release/org/apache/wss4j/wss4j-policy/2.0.2/wss4j-policy-2.0.2-javadoc.jar
2016-06-12 17:03:10,910 [Worker-126] INFO  o.e.m.c.i.e.AbstractTransferListenerAdapter - Downloaded http://localhost:8081/artifactory/libs-release/org/apache/wss4j/wss4j-policy/2.0.2/wss4j-policy-2.0.2-javadoc.jar
2016-06-12 17:03:10,916 [Worker-126] INFO  o.e.m.j.internal.DownloadSourcesJob - Downloaded javadoc for org.apache.wss4j:wss4j-policy:2.0.2
2016-06-12 17:03:11,460 [Worker-126] INFO  o.e.m.c.i.e.AbstractTransferListenerAdapter - Downloading http://localhost:8081/artifactory/libs-release/org/apache/neethi/neethi/3.0.3/neethi-3.0.3-javadoc.jar
2016-06-12 17:03:11,469 [Worker-126] INFO  o.e.m.c.i.e.AbstractTransferListenerAdapter - Downloaded http://localhost:8081/artifactory/libs-release/org/apache/neethi/neethi/3.0.3/neethi-3.0.3-javadoc.jar
2016-06-12 17:03:11,474 [Worker-126] INFO  o.e.m.j.internal.DownloadSourcesJob - Downloaded javadoc for org.apache.neethi:neethi:3.0.3
2016-06-12 17:03:12,506 [Worker-126] INFO  o.e.m.c.i.e.AbstractTransferListenerAdapter - Downloading http://localhost:8081/artifactory/libs-release/org/apache/wss4j/wss4j-ws-security-stax/2.0.2/wss4j-ws-security-stax-2.0.2-javadoc.jar
2016-06-12 17:03:12,520 [Worker-126] INFO  o.e.m.c.i.e.AbstractTransferListenerAdapter - Downloaded http://localhost:8081/artifactory/libs-release/org/apache/wss4j/wss4j-ws-security-stax/2.0.2/wss4j-ws-security-stax-2.0.2-javadoc.jar
2016-06-12 17:03:12,526 [Worker-126] INFO  o.e.m.j.internal.DownloadSourcesJob - Downloaded javadoc for org.apache.wss4j:wss4j-ws-security-stax:2.0.2
2016-06-12 17:03:13,001 [Worker-126] INFO  o.e.m.c.i.e.AbstractTransferListenerAdapter - Downloading http://localhost:8081/artifactory/libs-release/org/apache/wss4j/wss4j-bindings/2.0.2/wss4j-bindings-2.0.2-javadoc.jar
2016-06-12 17:03:13,010 [Worker-126] INFO  o.e.m.c.i.e.AbstractTransferListenerAdapter - Downloaded http://localhost:8081/artifactory/libs-release/org/apache/wss4j/wss4j-bindings/2.0.2/wss4j-bindings-2.0.2-javadoc.jar
2016-06-12 17:03:13,016 [Worker-126] INFO  o.e.m.j.internal.DownloadSourcesJob - Downloaded javadoc for org.apache.wss4j:wss4j-bindings:2.0.2
2016-06-12 17:03:13,434 [Worker-126] INFO  o.e.m.c.i.e.AbstractTransferListenerAdapter - Downloading http://localhost:8081/artifactory/libs-release/org/apache/wss4j/wss4j-ws-security-policy-stax/2.0.2/wss4j-ws-security-policy-stax-2.0.2-javadoc.jar
2016-06-12 17:03:13,442 [Worker-126] INFO  o.e.m.c.i.e.AbstractTransferListenerAdapter - Downloaded http://localhost:8081/artifactory/libs-release/org/apache/wss4j/wss4j-ws-security-policy-stax/2.0.2/wss4j-ws-security-policy-stax-2.0.2-javadoc.jar
2016-06-12 17:03:13,447 [Worker-126] INFO  o.e.m.j.internal.DownloadSourcesJob - Downloaded javadoc for org.apache.wss4j:wss4j-ws-security-policy-stax:2.0.2
2016-06-12 17:03:13,450 [Worker-126] INFO  o.e.m.j.internal.DownloadSourcesJob - Downloaded javadoc for commons-codec:commons-codec:1.2
2016-06-12 19:00:01,749 [Worker-162] WARN  o.e.m.c.i.embedder.EclipseLogger - Using platform encoding (UTF-8 actually) to copy filtered resources, i.e. build is platform dependent!
2016-06-12 19:00:01,751 [Worker-162] INFO  o.e.m.c.i.embedder.EclipseLogger - skip non existing resourceDirectory /Users/jamietobin/Documents/workspaceWS/WebServices/soap/wsdlfirstws/src/main/resources
2016-06-12 19:00:01,751 [Worker-162] WARN  o.e.m.c.i.embedder.EclipseLogger - Using platform encoding (UTF-8 actually) to copy filtered resources, i.e. build is platform dependent!
2016-06-12 19:00:01,752 [Worker-162] INFO  o.e.m.c.i.embedder.EclipseLogger - skip non existing resourceDirectory /Users/jamietobin/Documents/workspaceWS/WebServices/soap/wsdlfirstws/src/test/resources
2016-06-12 19:01:38,096 [Worker-164] WARN  o.e.m.c.i.embedder.EclipseLogger - Using platform encoding (UTF-8 actually) to copy filtered resources, i.e. build is platform dependent!
2016-06-12 19:01:38,098 [Worker-164] INFO  o.e.m.c.i.embedder.EclipseLogger - skip non existing resourceDirectory /Users/jamietobin/Documents/workspaceWS/WebServices/soap/wsdlfirstws/src/main/resources
2016-06-12 19:01:38,099 [Worker-164] WARN  o.e.m.c.i.embedder.EclipseLogger - Using platform encoding (UTF-8 actually) to copy filtered resources, i.e. build is platform dependent!
2016-06-12 19:01:38,099 [Worker-164] INFO  o.e.m.c.i.embedder.EclipseLogger - skip non existing resourceDirectory /Users/jamietobin/Documents/workspaceWS/WebServices/soap/wsdlfirstws/src/test/resources
